Build started 9/29/2014 11:42:50 AM.
     1>Project "C:\Users\greg2\Documents\Visual Studio 2010\Projects\dll2\dll2\dll2.vcxproj" on node 2 (build target(s)).
     1>InitializeBuildStatus:
         Touching "Debug\dll2.unsuccessfulbuild".
       ClCompile:
         c:\Program Files (x86)\Microsoft Visual Studio 10.0\VC\bin\CL.exe /c /ZI /nologo /W3 /WX- /Od /Ot /Oy- /D WIN32 /D _WINDOWS /D _DEBUG /D _USRDLL /D MPX386 /D BATCH /D _WINDLL /D _UNICODE /D UNICODE /D _AFXDLL /Gm /EHsc /RTC1 /MD /GS /fp:precise /Zc:wchar_t /Zc:forScope /Fo"Debug\\" /Fd"Debug\vc100.pdb" /Gd /TP /analyze- /errorReport:prompt Brack2.cpp Brent.cpp calc.cpp calc1.cpp calc10.cpp calc2.cpp calc3.cpp
         calc3.cpp
     1>c:\users\greg2\documents\visual studio 2010\projects\dll2\dll2\class_model.cpp(163): warning C4996: 'sprintf': This function or variable may be unsafe. Consider using sprintf_s instead. To disable deprecation, use _CRT_SECURE_NO_WARNINGS. See online help for details.
                 c:\program files (x86)\microsoft visual studio 10.0\vc\include\stdio.h(371) : see declaration of 'sprintf'
     1>c:\users\greg2\documents\visual studio 2010\projects\dll2\dll2\class_model.cpp(178): warning C4996: 'sprintf': This function or variable may be unsafe. Consider using sprintf_s instead. To disable deprecation, use _CRT_SECURE_NO_WARNINGS. See online help for details.
                 c:\program files (x86)\microsoft visual studio 10.0\vc\include\stdio.h(371) : see declaration of 'sprintf'
     1>c:\users\greg2\documents\visual studio 2010\projects\dll2\dll2\class_model.cpp(270): warning C4996: 'strcpy': This function or variable may be unsafe. Consider using strcpy_s instead. To disable deprecation, use _CRT_SECURE_NO_WARNINGS. See online help for details.
                 c:\program files (x86)\microsoft visual studio 10.0\vc\include\string.h(105) : see declaration of 'strcpy'
     1>c:\users\greg2\documents\visual studio 2010\projects\dll2\dll2\class_model.cpp(335): warning C4101: 's0' : unreferenced local variable
     1>c:\users\greg2\documents\visual studio 2010\projects\dll2\dll2\class_model.cpp(347): warning C4101: 's0' : unreferenced local variable
     1>c:\users\greg2\documents\visual studio 2010\projects\dll2\dll2\class_model.cpp(374): warning C4996: 'sprintf': This function or variable may be unsafe. Consider using sprintf_s instead. To disable deprecation, use _CRT_SECURE_NO_WARNINGS. See online help for details.
                 c:\program files (x86)\microsoft visual studio 10.0\vc\include\stdio.h(371) : see declaration of 'sprintf'
     1>c:\users\greg2\documents\visual studio 2010\projects\dll2\dll2\class_model.cpp(419): warning C4996: 'strcpy': This function or variable may be unsafe. Consider using strcpy_s instead. To disable deprecation, use _CRT_SECURE_NO_WARNINGS. See online help for details.
                 c:\program files (x86)\microsoft visual studio 10.0\vc\include\string.h(105) : see declaration of 'strcpy'
     1>c:\users\greg2\documents\visual studio 2010\projects\dll2\dll2\class_model.cpp(420): warning C4244: '=' : conversion from 'double' to 'long', possible loss of data
     1>c:\users\greg2\documents\visual studio 2010\projects\dll2\dll2\class_model.cpp(475): warning C4996: 'strcpy': This function or variable may be unsafe. Consider using strcpy_s instead. To disable deprecation, use _CRT_SECURE_NO_WARNINGS. See online help for details.
                 c:\program files (x86)\microsoft visual studio 10.0\vc\include\string.h(105) : see declaration of 'strcpy'
     1>c:\users\greg2\documents\visual studio 2010\projects\dll2\dll2\class_model.cpp(518): warning C4996: 'strcpy': This function or variable may be unsafe. Consider using strcpy_s instead. To disable deprecation, use _CRT_SECURE_NO_WARNINGS. See online help for details.
                 c:\program files (x86)\microsoft visual studio 10.0\vc\include\string.h(105) : see declaration of 'strcpy'
     1>c:\users\greg2\documents\visual studio 2010\projects\dll2\dll2\class_model.cpp(611): warning C4101: 's0' : unreferenced local variable
     1>c:\users\greg2\documents\visual studio 2010\projects\dll2\dll2\calc3.cpp(22): warning C4005: 'BUFLEN' : macro redefinition
                 c:\users\greg2\documents\visual studio 2010\projects\dll2\dll2\class_eq.h(11) : see previous definition of 'BUFLEN'
     1>c:\users\greg2\documents\visual studio 2010\projects\dll2\dll2\calc3.cpp(24): warning C4005: 'MESSAGE_SIZE' : macro redefinition
                 c:\users\greg2\documents\visual studio 2010\projects\dll2\dll2\class_eq.h(13) : see previous definition of 'MESSAGE_SIZE'
     1>c:\users\greg2\documents\visual studio 2010\projects\dll2\dll2\calc3.cpp(185): warning C4244: '+=' : conversion from 'double' to 'float', possible loss of data
     1>c:\users\greg2\documents\visual studio 2010\projects\dll2\dll2\calc3.cpp(197): warning C4996: 'sprintf': This function or variable may be unsafe. Consider using sprintf_s instead. To disable deprecation, use _CRT_SECURE_NO_WARNINGS. See online help for details.
                 c:\program files (x86)\microsoft visual studio 10.0\vc\include\stdio.h(371) : see declaration of 'sprintf'
     1>c:\users\greg2\documents\visual studio 2010\projects\dll2\dll2\calc3.cpp(199): warning C4996: 'sprintf': This function or variable may be unsafe. Consider using sprintf_s instead. To disable deprecation, use _CRT_SECURE_NO_WARNINGS. See online help for details.
                 c:\program files (x86)\microsoft visual studio 10.0\vc\include\stdio.h(371) : see declaration of 'sprintf'
     1>c:\users\greg2\documents\visual studio 2010\projects\dll2\dll2\calc3.cpp(256): warning C4244: '=' : conversion from 'double' to 'float', possible loss of data
     1>c:\users\greg2\documents\visual studio 2010\projects\dll2\dll2\calc3.cpp(305): warning C4244: '=' : conversion from 'double' to 'float', possible loss of data
     1>c:\users\greg2\documents\visual studio 2010\projects\dll2\dll2\calc3.cpp(311): warning C4244: '=' : conversion from 'double' to 'float', possible loss of data
     1>c:\users\greg2\documents\visual studio 2010\projects\dll2\dll2\calc3.cpp(312): warning C4244: '=' : conversion from 'double' to 'float', possible loss of data
     1>c:\users\greg2\documents\visual studio 2010\projects\dll2\dll2\calc3.cpp(314): warning C4244: '=' : conversion from 'double' to 'float', possible loss of data
     1>c:\users\greg2\documents\visual studio 2010\projects\dll2\dll2\calc3.cpp(373): warning C4244: '=' : conversion from 'double' to 'float', possible loss of data
     1>c:\users\greg2\documents\visual studio 2010\projects\dll2\dll2\calc3.cpp(405): warning C4244: '=' : conversion from 'double' to 'float', possible loss of data
     1>c:\users\greg2\documents\visual studio 2010\projects\dll2\dll2\calc3.cpp(416): warning C4244: '=' : conversion from 'double' to 'float', possible loss of data
     1>c:\users\greg2\documents\visual studio 2010\projects\dll2\dll2\calc3.cpp(423): warning C4244: '=' : conversion from 'double' to 'float', possible loss of data
     1>c:\users\greg2\documents\visual studio 2010\projects\dll2\dll2\calc3.cpp(424): warning C4244: '=' : conversion from 'double' to 'float', possible loss of data
     1>c:\users\greg2\documents\visual studio 2010\projects\dll2\dll2\calc3.cpp(442): warning C4244: '=' : conversion from 'double' to 'float', possible loss of data
     1>c:\users\greg2\documents\visual studio 2010\projects\dll2\dll2\calc3.cpp(492): warning C4390: ';' : empty controlled statement found; is this the intent?
     1>c:\users\greg2\documents\visual studio 2010\projects\dll2\dll2\calc3.cpp(493): warning C4390: ';' : empty controlled statement found; is this the intent?
     1>c:\users\greg2\documents\visual studio 2010\projects\dll2\dll2\calc3.cpp(513): warning C4390: ';' : empty controlled statement found; is this the intent?
     1>c:\users\greg2\documents\visual studio 2010\projects\dll2\dll2\calc3.cpp(514): warning C4390: ';' : empty controlled statement found; is this the intent?
     1>c:\users\greg2\documents\visual studio 2010\projects\dll2\dll2\calc3.cpp(63): warning C4102: 'mem_again' : unreferenced label
         calc2.cpp
     1>c:\users\greg2\documents\visual studio 2010\projects\dll2\dll2\class_model.cpp(163): warning C4996: 'sprintf': This function or variable may be unsafe. Consider using sprintf_s instead. To disable deprecation, use _CRT_SECURE_NO_WARNINGS. See online help for details.
                 c:\program files (x86)\microsoft visual studio 10.0\vc\include\stdio.h(371) : see declaration of 'sprintf'
     1>c:\users\greg2\documents\visual studio 2010\projects\dll2\dll2\class_model.cpp(178): warning C4996: 'sprintf': This function or variable may be unsafe. Consider using sprintf_s instead. To disable deprecation, use _CRT_SECURE_NO_WARNINGS. See online help for details.
                 c:\program files (x86)\microsoft visual studio 10.0\vc\include\stdio.h(371) : see declaration of 'sprintf'
     1>c:\users\greg2\documents\visual studio 2010\projects\dll2\dll2\class_model.cpp(270): warning C4996: 'strcpy': This function or variable may be unsafe. Consider using strcpy_s instead. To disable deprecation, use _CRT_SECURE_NO_WARNINGS. See online help for details.
                 c:\program files (x86)\microsoft visual studio 10.0\vc\include\string.h(105) : see declaration of 'strcpy'
     1>c:\users\greg2\documents\visual studio 2010\projects\dll2\dll2\class_model.cpp(335): warning C4101: 's0' : unreferenced local variable
     1>c:\users\greg2\documents\visual studio 2010\projects\dll2\dll2\class_model.cpp(347): warning C4101: 's0' : unreferenced local variable
     1>c:\users\greg2\documents\visual studio 2010\projects\dll2\dll2\class_model.cpp(374): warning C4996: 'sprintf': This function or variable may be unsafe. Consider using sprintf_s instead. To disable deprecation, use _CRT_SECURE_NO_WARNINGS. See online help for details.
                 c:\program files (x86)\microsoft visual studio 10.0\vc\include\stdio.h(371) : see declaration of 'sprintf'
     1>c:\users\greg2\documents\visual studio 2010\projects\dll2\dll2\class_model.cpp(419): warning C4996: 'strcpy': This function or variable may be unsafe. Consider using strcpy_s instead. To disable deprecation, use _CRT_SECURE_NO_WARNINGS. See online help for details.
                 c:\program files (x86)\microsoft visual studio 10.0\vc\include\string.h(105) : see declaration of 'strcpy'
     1>c:\users\greg2\documents\visual studio 2010\projects\dll2\dll2\class_model.cpp(420): warning C4244: '=' : conversion from 'double' to 'long', possible loss of data
     1>c:\users\greg2\documents\visual studio 2010\projects\dll2\dll2\class_model.cpp(475): warning C4996: 'strcpy': This function or variable may be unsafe. Consider using strcpy_s instead. To disable deprecation, use _CRT_SECURE_NO_WARNINGS. See online help for details.
                 c:\program files (x86)\microsoft visual studio 10.0\vc\include\string.h(105) : see declaration of 'strcpy'
     1>c:\users\greg2\documents\visual studio 2010\projects\dll2\dll2\class_model.cpp(518): warning C4996: 'strcpy': This function or variable may be unsafe. Consider using strcpy_s instead. To disable deprecation, use _CRT_SECURE_NO_WARNINGS. See online help for details.
                 c:\program files (x86)\microsoft visual studio 10.0\vc\include\string.h(105) : see declaration of 'strcpy'
     1>c:\users\greg2\documents\visual studio 2010\projects\dll2\dll2\class_model.cpp(611): warning C4101: 's0' : unreferenced local variable
     1>c:\users\greg2\documents\visual studio 2010\projects\dll2\dll2\calc2.cpp(73): warning C4244: '*=' : conversion from 'double' to 'float', possible loss of data
     1>c:\users\greg2\documents\visual studio 2010\projects\dll2\dll2\calc2.cpp(76): warning C4244: '*=' : conversion from 'double' to 'float', possible loss of data
     1>c:\users\greg2\documents\visual studio 2010\projects\dll2\dll2\calc2.cpp(78): warning C4244: '*=' : conversion from 'double' to 'float', possible loss of data
     1>c:\users\greg2\documents\visual studio 2010\projects\dll2\dll2\calc2.cpp(81): warning C4244: '=' : conversion from 'double' to 'float', possible loss of data
     1>c:\users\greg2\documents\visual studio 2010\projects\dll2\dll2\calc2.cpp(86): warning C4244: '=' : conversion from 'double' to 'float', possible loss of data
     1>c:\users\greg2\documents\visual studio 2010\projects\dll2\dll2\calc2.cpp(89): warning C4244: '*=' : conversion from 'double' to 'float', possible loss of data
     1>c:\users\greg2\documents\visual studio 2010\projects\dll2\dll2\calc2.cpp(94): warning C4244: '=' : conversion from 'double' to 'float', possible loss of data
     1>c:\users\greg2\documents\visual studio 2010\projects\dll2\dll2\calc2.cpp(116): warning C4244: '=' : conversion from 'double' to 'float', possible loss of data
     1>c:\users\greg2\documents\visual studio 2010\projects\dll2\dll2\calc2.cpp(118): warning C4244: '=' : conversion from 'double' to 'float', possible loss of data
     1>c:\users\greg2\documents\visual studio 2010\projects\dll2\dll2\calc2.cpp(32): warning C4101: 'buf1' : unreferenced local variable
     1>c:\users\greg2\documents\visual studio 2010\projects\dll2\dll2\calc2.cpp(215): warning C4101: 'fout1' : unreferenced local variable
     1>c:\users\greg2\documents\visual studio 2010\projects\dll2\dll2\calc2.cpp(209): warning C4101: 'buf' : unreferenced local variable
     1>c:\users\greg2\documents\visual studio 2010\projects\dll2\dll2\calc2.cpp(208): warning C4101: 'k' : unreferenced local variable
     1>c:\users\greg2\documents\visual studio 2010\projects\dll2\dll2\calc2.cpp(208): warning C4101: 'j' : unreferenced local variable
     1>c:\users\greg2\documents\visual studio 2010\projects\dll2\dll2\calc2.cpp(460): warning C4101: 'x_n' : unreferenced local variable
     1>c:\users\greg2\documents\visual studio 2010\projects\dll2\dll2\calc2.cpp(460): warning C4101: 'x_m' : unreferenced local variable
         calc10.cpp
     1>c:\users\greg2\documents\visual studio 2010\projects\dll2\dll2\class_model.cpp(163): warning C4996: 'sprintf': This function or variable may be unsafe. Consider using sprintf_s instead. To disable deprecation, use _CRT_SECURE_NO_WARNINGS. See online help for details.
                 c:\program files (x86)\microsoft visual studio 10.0\vc\include\stdio.h(371) : see declaration of 'sprintf'
     1>c:\users\greg2\documents\visual studio 2010\projects\dll2\dll2\class_model.cpp(178): warning C4996: 'sprintf': This function or variable may be unsafe. Consider using sprintf_s instead. To disable deprecation, use _CRT_SECURE_NO_WARNINGS. See online help for details.
                 c:\program files (x86)\microsoft visual studio 10.0\vc\include\stdio.h(371) : see declaration of 'sprintf'
     1>c:\users\greg2\documents\visual studio 2010\projects\dll2\dll2\class_model.cpp(270): warning C4996: 'strcpy': This function or variable may be unsafe. Consider using strcpy_s instead. To disable deprecation, use _CRT_SECURE_NO_WARNINGS. See online help for details.
                 c:\program files (x86)\microsoft visual studio 10.0\vc\include\string.h(105) : see declaration of 'strcpy'
     1>c:\users\greg2\documents\visual studio 2010\projects\dll2\dll2\class_model.cpp(335): warning C4101: 's0' : unreferenced local variable
     1>c:\users\greg2\documents\visual studio 2010\projects\dll2\dll2\class_model.cpp(347): warning C4101: 's0' : unreferenced local variable
     1>c:\users\greg2\documents\visual studio 2010\projects\dll2\dll2\class_model.cpp(374): warning C4996: 'sprintf': This function or variable may be unsafe. Consider using sprintf_s instead. To disable deprecation, use _CRT_SECURE_NO_WARNINGS. See online help for details.
                 c:\program files (x86)\microsoft visual studio 10.0\vc\include\stdio.h(371) : see declaration of 'sprintf'
     1>c:\users\greg2\documents\visual studio 2010\projects\dll2\dll2\class_model.cpp(419): warning C4996: 'strcpy': This function or variable may be unsafe. Consider using strcpy_s instead. To disable deprecation, use _CRT_SECURE_NO_WARNINGS. See online help for details.
                 c:\program files (x86)\microsoft visual studio 10.0\vc\include\string.h(105) : see declaration of 'strcpy'
     1>c:\users\greg2\documents\visual studio 2010\projects\dll2\dll2\class_model.cpp(420): warning C4244: '=' : conversion from 'double' to 'long', possible loss of data
     1>c:\users\greg2\documents\visual studio 2010\projects\dll2\dll2\class_model.cpp(475): warning C4996: 'strcpy': This function or variable may be unsafe. Consider using strcpy_s instead. To disable deprecation, use _CRT_SECURE_NO_WARNINGS. See online help for details.
                 c:\program files (x86)\microsoft visual studio 10.0\vc\include\string.h(105) : see declaration of 'strcpy'
     1>c:\users\greg2\documents\visual studio 2010\projects\dll2\dll2\class_model.cpp(518): warning C4996: 'strcpy': This function or variable may be unsafe. Consider using strcpy_s instead. To disable deprecation, use _CRT_SECURE_NO_WARNINGS. See online help for details.
                 c:\program files (x86)\microsoft visual studio 10.0\vc\include\string.h(105) : see declaration of 'strcpy'
     1>c:\users\greg2\documents\visual studio 2010\projects\dll2\dll2\class_model.cpp(611): warning C4101: 's0' : unreferenced local variable
     1>c:\users\greg2\documents\visual studio 2010\projects\dll2\dll2\calc10.cpp(85): warning C4996: 'strcpy': This function or variable may be unsafe. Consider using strcpy_s instead. To disable deprecation, use _CRT_SECURE_NO_WARNINGS. See online help for details.
                 c:\program files (x86)\microsoft visual studio 10.0\vc\include\string.h(105) : see declaration of 'strcpy'
     1>c:\users\greg2\documents\visual studio 2010\projects\dll2\dll2\calc10.cpp(86): warning C4996: 'strcat': This function or variable may be unsafe. Consider using strcat_s instead. To disable deprecation, use _CRT_SECURE_NO_WARNINGS. See online help for details.
                 c:\program files (x86)\microsoft visual studio 10.0\vc\include\string.h(110) : see declaration of 'strcat'
     1>c:\users\greg2\documents\visual studio 2010\projects\dll2\dll2\calc10.cpp(87): warning C4996: 'strcat': This function or variable may be unsafe. Consider using strcat_s instead. To disable deprecation, use _CRT_SECURE_NO_WARNINGS. See online help for details.
                 c:\program files (x86)\microsoft visual studio 10.0\vc\include\string.h(110) : see declaration of 'strcat'
     1>c:\users\greg2\documents\visual studio 2010\projects\dll2\dll2\calc10.cpp(96): warning C4996: 'sprintf': This function or variable may be unsafe. Consider using sprintf_s instead. To disable deprecation, use _CRT_SECURE_NO_WARNINGS. See online help for details.
                 c:\program files (x86)\microsoft visual studio 10.0\vc\include\stdio.h(371) : see declaration of 'sprintf'
     1>c:\users\greg2\documents\visual studio 2010\projects\dll2\dll2\calc10.cpp(117): warning C4996: 'sprintf': This function or variable may be unsafe. Consider using sprintf_s instead. To disable deprecation, use _CRT_SECURE_NO_WARNINGS. See online help for details.
                 c:\program files (x86)\microsoft visual studio 10.0\vc\include\stdio.h(371) : see declaration of 'sprintf'
     1>c:\users\greg2\documents\visual studio 2010\projects\dll2\dll2\calc10.cpp(124): warning C4996: 'sprintf': This function or variable may be unsafe. Consider using sprintf_s instead. To disable deprecation, use _CRT_SECURE_NO_WARNINGS. See online help for details.
                 c:\program files (x86)\microsoft visual studio 10.0\vc\include\stdio.h(371) : see declaration of 'sprintf'
     1>c:\users\greg2\documents\visual studio 2010\projects\dll2\dll2\calc10.cpp(133): warning C4996: 'sprintf': This function or variable may be unsafe. Consider using sprintf_s instead. To disable deprecation, use _CRT_SECURE_NO_WARNINGS. See online help for details.
                 c:\program files (x86)\microsoft visual studio 10.0\vc\include\stdio.h(371) : see declaration of 'sprintf'
     1>c:\users\greg2\documents\visual studio 2010\projects\dll2\dll2\calc10.cpp(152): warning C4996: 'sprintf': This function or variable may be unsafe. Consider using sprintf_s instead. To disable deprecation, use _CRT_SECURE_NO_WARNINGS. See online help for details.
                 c:\program files (x86)\microsoft visual studio 10.0\vc\include\stdio.h(371) : see declaration of 'sprintf'
     1>c:\users\greg2\documents\visual studio 2010\projects\dll2\dll2\calc10.cpp(157): warning C4996: 'sprintf': This function or variable may be unsafe. Consider using sprintf_s instead. To disable deprecation, use _CRT_SECURE_NO_WARNINGS. See online help for details.
                 c:\program files (x86)\microsoft visual studio 10.0\vc\include\stdio.h(371) : see declaration of 'sprintf'
     1>c:\users\greg2\documents\visual studio 2010\projects\dll2\dll2\calc10.cpp(158): warning C4996: 'sprintf': This function or variable may be unsafe. Consider using sprintf_s instead. To disable deprecation, use _CRT_SECURE_NO_WARNINGS. See online help for details.
                 c:\program files (x86)\microsoft visual studio 10.0\vc\include\stdio.h(371) : see declaration of 'sprintf'
     1>c:\users\greg2\documents\visual studio 2010\projects\dll2\dll2\calc10.cpp(175): warning C4244: '=' : conversion from 'double' to 'float', possible loss of data
     1>c:\users\greg2\documents\visual studio 2010\projects\dll2\dll2\calc10.cpp(194): warning C4244: '=' : conversion from 'double' to 'float', possible loss of data
     1>c:\users\greg2\documents\visual studio 2010\projects\dll2\dll2\calc10.cpp(211): warning C4244: '=' : conversion from 'double' to 'float', possible loss of data
     1>c:\users\greg2\documents\visual studio 2010\projects\dll2\dll2\calc10.cpp(220): warning C4244: '=' : conversion from 'double' to 'float', possible loss of data
     1>c:\users\greg2\documents\visual studio 2010\projects\dll2\dll2\calc10.cpp(224): warning C4244: '=' : conversion from 'double' to 'float', possible loss of data
     1>c:\users\greg2\documents\visual studio 2010\projects\dll2\dll2\calc10.cpp(225): warning C4305: '=' : truncation from 'double' to 'float'
     1>c:\users\greg2\documents\visual studio 2010\projects\dll2\dll2\calc10.cpp(267): warning C4244: '+=' : conversion from 'double' to 'float', possible loss of data
     1>c:\users\greg2\documents\visual studio 2010\projects\dll2\dll2\calc10.cpp(269): warning C4996: 'sprintf': This function or variable may be unsafe. Consider using sprintf_s instead. To disable deprecation, use _CRT_SECURE_NO_WARNINGS. See online help for details.
                 c:\program files (x86)\microsoft visual studio 10.0\vc\include\stdio.h(371) : see declaration of 'sprintf'
     1>c:\users\greg2\documents\visual studio 2010\projects\dll2\dll2\calc10.cpp(273): warning C4996: 'sprintf': This function or variable may be unsafe. Consider using sprintf_s instead. To disable deprecation, use _CRT_SECURE_NO_WARNINGS. See online help for details.
                 c:\program files (x86)\microsoft visual studio 10.0\vc\include\stdio.h(371) : see declaration of 'sprintf'
     1>c:\users\greg2\documents\visual studio 2010\projects\dll2\dll2\calc10.cpp(285): warning C4996: 'strcpy': This function or variable may be unsafe. Consider using strcpy_s instead. To disable deprecation, use _CRT_SECURE_NO_WARNINGS. See online help for details.
                 c:\program files (x86)\microsoft visual studio 10.0\vc\include\string.h(105) : see declaration of 'strcpy'
     1>c:\users\greg2\documents\visual studio 2010\projects\dll2\dll2\calc10.cpp(286): warning C4996: 'strcat': This function or variable may be unsafe. Consider using strcat_s instead. To disable deprecation, use _CRT_SECURE_NO_WARNINGS. See online help for details.
                 c:\program files (x86)\microsoft visual studio 10.0\vc\include\string.h(110) : see declaration of 'strcat'
     1>c:\users\greg2\documents\visual studio 2010\projects\dll2\dll2\calc10.cpp(287): warning C4996: 'strcat': This function or variable may be unsafe. Consider using strcat_s instead. To disable deprecation, use _CRT_SECURE_NO_WARNINGS. See online help for details.
                 c:\program files (x86)\microsoft visual studio 10.0\vc\include\string.h(110) : see declaration of 'strcat'
     1>c:\users\greg2\documents\visual studio 2010\projects\dll2\dll2\calc10.cpp(297): warning C4996: 'sprintf': This function or variable may be unsafe. Consider using sprintf_s instead. To disable deprecation, use _CRT_SECURE_NO_WARNINGS. See online help for details.
                 c:\program files (x86)\microsoft visual studio 10.0\vc\include\stdio.h(371) : see declaration of 'sprintf'
     1>c:\users\greg2\documents\visual studio 2010\projects\dll2\dll2\calc10.cpp(301): warning C4996: 'sprintf': This function or variable may be unsafe. Consider using sprintf_s instead. To disable deprecation, use _CRT_SECURE_NO_WARNINGS. See online help for details.
                 c:\program files (x86)\microsoft visual studio 10.0\vc\include\stdio.h(371) : see declaration of 'sprintf'
     1>c:\users\greg2\documents\visual studio 2010\projects\dll2\dll2\calc10.cpp(310): warning C4996: 'strcpy': This function or variable may be unsafe. Consider using strcpy_s instead. To disable deprecation, use _CRT_SECURE_NO_WARNINGS. See online help for details.
                 c:\program files (x86)\microsoft visual studio 10.0\vc\include\string.h(105) : see declaration of 'strcpy'
     1>c:\users\greg2\documents\visual studio 2010\projects\dll2\dll2\calc10.cpp(311): warning C4996: 'strcat': This function or variable may be unsafe. Consider using strcat_s instead. To disable deprecation, use _CRT_SECURE_NO_WARNINGS. See online help for details.
                 c:\program files (x86)\microsoft visual studio 10.0\vc\include\string.h(110) : see declaration of 'strcat'
     1>c:\users\greg2\documents\visual studio 2010\projects\dll2\dll2\calc10.cpp(312): warning C4996: 'strcat': This function or variable may be unsafe. Consider using strcat_s instead. To disable deprecation, use _CRT_SECURE_NO_WARNINGS. See online help for details.
                 c:\program files (x86)\microsoft visual studio 10.0\vc\include\string.h(110) : see declaration of 'strcat'
     1>c:\users\greg2\documents\visual studio 2010\projects\dll2\dll2\calc10.cpp(321): warning C4996: 'sprintf': This function or variable may be unsafe. Consider using sprintf_s instead. To disable deprecation, use _CRT_SECURE_NO_WARNINGS. See online help for details.
                 c:\program files (x86)\microsoft visual studio 10.0\vc\include\stdio.h(371) : see declaration of 'sprintf'
     1>c:\users\greg2\documents\visual studio 2010\projects\dll2\dll2\calc10.cpp(343): warning C4996: 'sprintf': This function or variable may be unsafe. Consider using sprintf_s instead. To disable deprecation, use _CRT_SECURE_NO_WARNINGS. See online help for details.
                 c:\program files (x86)\microsoft visual studio 10.0\vc\include\stdio.h(371) : see declaration of 'sprintf'
     1>c:\users\greg2\documents\visual studio 2010\projects\dll2\dll2\calc10.cpp(429): warning C4996: 'sprintf': This function or variable may be unsafe. Consider using sprintf_s instead. To disable deprecation, use _CRT_SECURE_NO_WARNINGS. See online help for details.
                 c:\program files (x86)\microsoft visual studio 10.0\vc\include\stdio.h(371) : see declaration of 'sprintf'
     1>c:\users\greg2\documents\visual studio 2010\projects\dll2\dll2\calc10.cpp(430): warning C4996: 'sprintf': This function or variable may be unsafe. Consider using sprintf_s instead. To disable deprecation, use _CRT_SECURE_NO_WARNINGS. See online help for details.
                 c:\program files (x86)\microsoft visual studio 10.0\vc\include\stdio.h(371) : see declaration of 'sprintf'
     1>c:\users\greg2\documents\visual studio 2010\projects\dll2\dll2\calc10.cpp(445): warning C4244: '=' : conversion from 'double' to 'float', possible loss of data
     1>c:\users\greg2\documents\visual studio 2010\projects\dll2\dll2\calc10.cpp(464): warning C4244: '=' : conversion from 'double' to 'float', possible loss of data
     1>c:\users\greg2\documents\visual studio 2010\projects\dll2\dll2\calc10.cpp(481): warning C4244: '=' : conversion from 'double' to 'float', possible loss of data
         calc1.cpp
     1>c:\users\greg2\documents\visual studio 2010\projects\dll2\dll2\class_model.cpp(163): warning C4996: 'sprintf': This function or variable may be unsafe. Consider using sprintf_s instead. To disable deprecation, use _CRT_SECURE_NO_WARNINGS. See online help for details.
                 c:\program files (x86)\microsoft visual studio 10.0\vc\include\stdio.h(371) : see declaration of 'sprintf'
     1>c:\users\greg2\documents\visual studio 2010\projects\dll2\dll2\class_model.cpp(178): warning C4996: 'sprintf': This function or variable may be unsafe. Consider using sprintf_s instead. To disable deprecation, use _CRT_SECURE_NO_WARNINGS. See online help for details.
                 c:\program files (x86)\microsoft visual studio 10.0\vc\include\stdio.h(371) : see declaration of 'sprintf'
     1>c:\users\greg2\documents\visual studio 2010\projects\dll2\dll2\class_model.cpp(270): warning C4996: 'strcpy': This function or variable may be unsafe. Consider using strcpy_s instead. To disable deprecation, use _CRT_SECURE_NO_WARNINGS. See online help for details.
                 c:\program files (x86)\microsoft visual studio 10.0\vc\include\string.h(105) : see declaration of 'strcpy'
     1>c:\users\greg2\documents\visual studio 2010\projects\dll2\dll2\class_model.cpp(335): warning C4101: 's0' : unreferenced local variable
     1>c:\users\greg2\documents\visual studio 2010\projects\dll2\dll2\class_model.cpp(347): warning C4101: 's0' : unreferenced local variable
     1>c:\users\greg2\documents\visual studio 2010\projects\dll2\dll2\class_model.cpp(374): warning C4996: 'sprintf': This function or variable may be unsafe. Consider using sprintf_s instead. To disable deprecation, use _CRT_SECURE_NO_WARNINGS. See online help for details.
                 c:\program files (x86)\microsoft visual studio 10.0\vc\include\stdio.h(371) : see declaration of 'sprintf'
     1>c:\users\greg2\documents\visual studio 2010\projects\dll2\dll2\class_model.cpp(419): warning C4996: 'strcpy': This function or variable may be unsafe. Consider using strcpy_s instead. To disable deprecation, use _CRT_SECURE_NO_WARNINGS. See online help for details.
                 c:\program files (x86)\microsoft visual studio 10.0\vc\include\string.h(105) : see declaration of 'strcpy'
     1>c:\users\greg2\documents\visual studio 2010\projects\dll2\dll2\class_model.cpp(420): warning C4244: '=' : conversion from 'double' to 'long', possible loss of data
     1>c:\users\greg2\documents\visual studio 2010\projects\dll2\dll2\class_model.cpp(475): warning C4996: 'strcpy': This function or variable may be unsafe. Consider using strcpy_s instead. To disable deprecation, use _CRT_SECURE_NO_WARNINGS. See online help for details.
                 c:\program files (x86)\microsoft visual studio 10.0\vc\include\string.h(105) : see declaration of 'strcpy'
     1>c:\users\greg2\documents\visual studio 2010\projects\dll2\dll2\class_model.cpp(518): warning C4996: 'strcpy': This function or variable may be unsafe. Consider using strcpy_s instead. To disable deprecation, use _CRT_SECURE_NO_WARNINGS. See online help for details.
                 c:\program files (x86)\microsoft visual studio 10.0\vc\include\string.h(105) : see declaration of 'strcpy'
     1>c:\users\greg2\documents\visual studio 2010\projects\dll2\dll2\class_model.cpp(611): warning C4101: 's0' : unreferenced local variable
     1>c:\users\greg2\documents\visual studio 2010\projects\dll2\dll2\calc1.cpp(25): warning C4005: 'BUFLEN' : macro redefinition
                 c:\users\greg2\documents\visual studio 2010\projects\dll2\dll2\class_eq.h(11) : see previous definition of 'BUFLEN'
     1>c:\users\greg2\documents\visual studio 2010\projects\dll2\dll2\calc1.cpp(199): warning C4244: '=' : conversion from 'double' to 'float', possible loss of data
     1>c:\users\greg2\documents\visual studio 2010\projects\dll2\dll2\calc1.cpp(278): warning C4244: '*=' : conversion from 'double' to 'float', possible loss of data
     1>c:\users\greg2\documents\visual studio 2010\projects\dll2\dll2\calc1.cpp(279): warning C4244: '*=' : conversion from 'double' to 'float', possible loss of data
     1>c:\users\greg2\documents\visual studio 2010\projects\dll2\dll2\calc1.cpp(280): warning C4244: '=' : conversion from 'double' to 'float', possible loss of data
     1>c:\users\greg2\documents\visual studio 2010\projects\dll2\dll2\calc1.cpp(287): warning C4244: '*=' : conversion from 'double' to 'float', possible loss of data
     1>c:\users\greg2\documents\visual studio 2010\projects\dll2\dll2\calc1.cpp(288): warning C4244: '*=' : conversion from 'double' to 'float', possible loss of data
     1>c:\users\greg2\documents\visual studio 2010\projects\dll2\dll2\calc1.cpp(337): warning C4244: '=' : conversion from 'double' to 'float', possible loss of data
     1>c:\users\greg2\documents\visual studio 2010\projects\dll2\dll2\calc1.cpp(353): warning C4244: '=' : conversion from 'double' to 'float', possible loss of data
     1>c:\users\greg2\documents\visual studio 2010\projects\dll2\dll2\calc1.cpp(385): warning C4244: '=' : conversion from 'double' to 'float', possible loss of data
     1>c:\users\greg2\documents\visual studio 2010\projects\dll2\dll2\calc1.cpp(393): warning C4244: '=' : conversion from 'double' to 'float', possible loss of data
     1>c:\users\greg2\documents\visual studio 2010\projects\dll2\dll2\calc1.cpp(430): warning C4244: '=' : conversion from 'double' to 'float', possible loss of data
     1>c:\users\greg2\documents\visual studio 2010\projects\dll2\dll2\calc1.cpp(431): warning C4244: '=' : conversion from 'double' to 'float', possible loss of data
     1>c:\users\greg2\documents\visual studio 2010\projects\dll2\dll2\calc1.cpp(494): warning C4244: '=' : conversion from 'double' to 'float', possible loss of data
     1>c:\users\greg2\documents\visual studio 2010\projects\dll2\dll2\calc1.cpp(564): warning C4244: '=' : conversion from 'double' to 'float', possible loss of data
     1>c:\users\greg2\documents\visual studio 2010\projects\dll2\dll2\calc1.cpp(565): warning C4244: '=' : conversion from 'double' to 'float', possible loss of data
     1>c:\users\greg2\documents\visual studio 2010\projects\dll2\dll2\calc1.cpp(566): warning C4244: '*=' : conversion from 'double' to 'float', possible loss of data
     1>c:\users\greg2\documents\visual studio 2010\projects\dll2\dll2\calc1.cpp(569): warning C4244: '=' : conversion from 'double' to 'float', possible loss of data
     1>c:\users\greg2\documents\visual studio 2010\projects\dll2\dll2\calc1.cpp(570): warning C4244: '=' : conversion from 'double' to 'float', possible loss of data
     1>c:\users\greg2\documents\visual studio 2010\projects\dll2\dll2\calc1.cpp(575): warning C4244: '+=' : conversion from 'double' to 'float', possible loss of data
     1>c:\users\greg2\documents\visual studio 2010\projects\dll2\dll2\calc1.cpp(608): warning C4244: '=' : conversion from 'double' to 'float', possible loss of data
     1>c:\users\greg2\documents\visual studio 2010\projects\dll2\dll2\calc1.cpp(609): warning C4244: '=' : conversion from 'double' to 'float', possible loss of data
     1>c:\users\greg2\documents\visual studio 2010\projects\dll2\dll2\calc1.cpp(617): warning C4244: '*=' : conversion from 'double' to 'float', possible loss of data
     1>c:\users\greg2\documents\visual studio 2010\projects\dll2\dll2\calc1.cpp(623): warning C4244: '=' : conversion from 'double' to 'float', possible loss of data
     1>c:\users\greg2\documents\visual studio 2010\projects\dll2\dll2\calc1.cpp(627): warning C4244: '=' : conversion from 'double' to 'float', possible loss of data
     1>c:\users\greg2\documents\visual studio 2010\projects\dll2\dll2\calc1.cpp(147): warning C4102: 'restart' : unreferenced label
     1>c:\users\greg2\documents\visual studio 2010\projects\dll2\dll2\calc1.cpp(106): warning C4101: 'xl_only' : unreferenced local variable
     1>c:\users\greg2\documents\visual studio 2010\projects\dll2\dll2\calc1.cpp(106): warning C4101: 'xm_only' : unreferenced local variable
     1>c:\users\greg2\documents\visual studio 2010\projects\dll2\dll2\calc1.cpp(106): warning C4101: 'xsigbar' : unreferenced local variable
     1>c:\users\greg2\documents\visual studio 2010\projects\dll2\dll2\calc1.cpp(96): warning C4101: 'queopr' : unreferenced local variable
     1>c:\users\greg2\documents\visual studio 2010\projects\dll2\dll2\calc1.cpp(106): warning C4101: 'xbard' : unreferenced local variable
     1>c:\users\greg2\documents\visual studio 2010\projects\dll2\dll2\calc1.cpp(106): warning C4101: 'vlam1' : unreferenced local variable
     1>c:\users\greg2\documents\visual studio 2010\projects\dll2\dll2\calc1.cpp(106): warning C4101: 'xbarbar' : unreferenced local variable
     1>c:\users\greg2\documents\visual studio 2010\projects\dll2\dll2\calc1.cpp(106): warning C4101: 'xprsqr' : unreferenced local variable
     1>c:\users\greg2\documents\visual studio 2010\projects\dll2\dll2\calc1.cpp(106): warning C4101: 'cs2' : unreferenced local variable
     1>c:\users\greg2\documents\visual studio 2010\projects\dll2\dll2\calc1.cpp(106): warning C4101: 'v_visit' : unreferenced local variable
     1>c:\users\greg2\documents\visual studio 2010\projects\dll2\dll2\calc1.cpp(250): warning C4101: 's0' : unreferenced local variable
     1>c:\users\greg2\documents\visual studio 2010\projects\dll2\dll2\calc1.cpp(864): warning C4244: '=' : conversion from 'double' to 'float', possible loss of data
     1>c:\users\greg2\documents\visual studio 2010\projects\dll2\dll2\calc1.cpp(867): warning C4244: '=' : conversion from 'double' to 'float', possible loss of data
     1>c:\users\greg2\documents\visual studio 2010\projects\dll2\dll2\calc1.cpp(878): warning C4244: '=' : conversion from 'double' to 'float', possible loss of data
     1>c:\users\greg2\documents\visual studio 2010\projects\dll2\dll2\calc1.cpp(887): warning C4244: '=' : conversion from 'double' to 'float', possible loss of data
     1>c:\users\greg2\documents\visual studio 2010\projects\dll2\dll2\calc1.cpp(843): warning C4101: 'x2' : unreferenced local variable
     1>c:\users\greg2\documents\visual studio 2010\projects\dll2\dll2\calc1.cpp(843): warning C4101: 'xtemp' : unreferenced local variable
     1>c:\users\greg2\documents\visual studio 2010\projects\dll2\dll2\calc1.cpp(843): warning C4101: 'x1' : unreferenced local variable
     1>c:\users\greg2\documents\visual studio 2010\projects\dll2\dll2\calc1.cpp(846): warning C4101: 'buf1' : unreferenced local variable
     1>c:\users\greg2\documents\visual studio 2010\projects\dll2\dll2\calc1.cpp(907): warning C4244: '=' : conversion from 'double' to 'float', possible loss of data
     1>c:\users\greg2\documents\visual studio 2010\projects\dll2\dll2\calc1.cpp(901): warning C4101: 'buf2' : unreferenced local variable
     1>c:\users\greg2\documents\visual studio 2010\projects\dll2\dll2\calc1.cpp(937): warning C4244: '=' : conversion from 'double' to 'float', possible loss of data
     1>c:\users\greg2\documents\visual studio 2010\projects\dll2\dll2\calc1.cpp(942): warning C4244: '=' : conversion from 'double' to 'float', possible loss of data
     1>c:\users\greg2\documents\visual studio 2010\projects\dll2\dll2\calc1.cpp(943): warning C4244: '=' : conversion from 'int' to 'float', possible loss of data
     1>c:\users\greg2\documents\visual studio 2010\projects\dll2\dll2\calc1.cpp(953): warning C4244: '=' : conversion from 'double' to 'float', possible loss of data
     1>c:\users\greg2\documents\visual studio 2010\projects\dll2\dll2\calc1.cpp(957): warning C4244: '=' : conversion from 'double' to 'float', possible loss of data
     1>c:\users\greg2\documents\visual studio 2010\projects\dll2\dll2\calc1.cpp(959): warning C4244: '/=' : conversion from 'double' to 'float', possible loss of data
     1>c:\users\greg2\documents\visual studio 2010\projects\dll2\dll2\calc1.cpp(966): warning C4244: '=' : conversion from 'double' to 'float', possible loss of data
     1>c:\users\greg2\documents\visual studio 2010\projects\dll2\dll2\calc1.cpp(970): warning C4244: '=' : conversion from 'double' to 'float', possible loss of data
     1>c:\users\greg2\documents\visual studio 2010\projects\dll2\dll2\calc1.cpp(972): warning C4244: '/=' : conversion from 'double' to 'float', possible loss of data
     1>c:\users\greg2\documents\visual studio 2010\projects\dll2\dll2\calc1.cpp(978): warning C4244: '=' : conversion from 'double' to 'float', possible loss of data
     1>c:\users\greg2\documents\visual studio 2010\projects\dll2\dll2\calc1.cpp(979): warning C4244: '=' : conversion from 'double' to 'float', possible loss of data
     1>c:\users\greg2\documents\visual studio 2010\projects\dll2\dll2\calc1.cpp(980): warning C4244: '=' : conversion from 'double' to 'float', possible loss of data
     1>c:\users\greg2\documents\visual studio 2010\projects\dll2\dll2\calc1.cpp(983): warning C4244: '=' : conversion from 'double' to 'float', possible loss of data
     1>c:\users\greg2\documents\visual studio 2010\projects\dll2\dll2\calc1.cpp(987): warning C4244: '=' : conversion from 'double' to 'float', possible loss of data
     1>c:\users\greg2\documents\visual studio 2010\projects\dll2\dll2\calc1.cpp(992): warning C4244: '=' : conversion from 'double' to 'float', possible loss of data
     1>c:\users\greg2\documents\visual studio 2010\projects\dll2\dll2\calc1.cpp(993): warning C4244: '=' : conversion from 'double' to 'float', possible loss of data
     1>c:\users\greg2\documents\visual studio 2010\projects\dll2\dll2\calc1.cpp(994): warning C4244: '=' : conversion from 'double' to 'float', possible loss of data
     1>c:\users\greg2\documents\visual studio 2010\projects\dll2\dll2\calc1.cpp(997): warning C4244: '=' : conversion from 'double' to 'float', possible loss of data
     1>c:\users\greg2\documents\visual studio 2010\projects\dll2\dll2\calc1.cpp(1001): warning C4244: '=' : conversion from 'double' to 'float', possible loss of data
     1>c:\users\greg2\documents\visual studio 2010\projects\dll2\dll2\calc1.cpp(1007): warning C4244: '=' : conversion from 'double' to 'float', possible loss of data
     1>c:\users\greg2\documents\visual studio 2010\projects\dll2\dll2\calc1.cpp(1011): warning C4244: '=' : conversion from 'double' to 'float', possible loss of data
     1>c:\users\greg2\documents\visual studio 2010\projects\dll2\dll2\calc1.cpp(1017): warning C4244: '=' : conversion from 'double' to 'float', possible loss of data
     1>c:\users\greg2\documents\visual studio 2010\projects\dll2\dll2\calc1.cpp(1020): warning C4244: '=' : conversion from 'double' to 'float', possible loss of data
     1>c:\users\greg2\documents\visual studio 2010\projects\dll2\dll2\calc1.cpp(1025): warning C4244: '=' : conversion from 'double' to 'float', possible loss of data
     1>c:\users\greg2\documents\visual studio 2010\projects\dll2\dll2\calc1.cpp(1026): warning C4244: '=' : conversion from 'double' to 'float', possible loss of data
     1>c:\users\greg2\documents\visual studio 2010\projects\dll2\dll2\calc1.cpp(1027): warning C4244: '=' : conversion from 'double' to 'float', possible loss of data
     1>c:\users\greg2\documents\visual studio 2010\projects\dll2\dll2\calc1.cpp(1031): warning C4244: '=' : conversion from 'double' to 'float', possible loss of data
     1>c:\users\greg2\documents\visual studio 2010\projects\dll2\dll2\calc1.cpp(1037): warning C4244: '=' : conversion from 'double' to 'float', possible loss of data
     1>c:\users\greg2\documents\visual studio 2010\projects\dll2\dll2\calc1.cpp(1038): warning C4244: '=' : conversion from 'double' to 'float', possible loss of data
     1>c:\users\greg2\documents\visual studio 2010\projects\dll2\dll2\calc1.cpp(1039): warning C4244: '=' : conversion from 'double' to 'float', possible loss of data
     1>c:\users\greg2\documents\visual studio 2010\projects\dll2\dll2\calc1.cpp(1043): warning C4244: '=' : conversion from 'double' to 'float', possible loss of data
     1>c:\users\greg2\documents\visual studio 2010\projects\dll2\dll2\calc1.cpp(1048): warning C4244: '=' : conversion from 'double' to 'float', possible loss of data
     1>c:\users\greg2\documents\visual studio 2010\projects\dll2\dll2\calc1.cpp(1049): warning C4244: '=' : conversion from 'double' to 'float', possible loss of data
     1>c:\users\greg2\documents\visual studio 2010\projects\dll2\dll2\calc1.cpp(1050): warning C4244: '=' : conversion from 'double' to 'float', possible loss of data
     1>c:\users\greg2\documents\visual studio 2010\projects\dll2\dll2\calc1.cpp(1053): warning C4244: '=' : conversion from 'double' to 'float', possible loss of data
     1>c:\users\greg2\documents\visual studio 2010\projects\dll2\dll2\calc1.cpp(1054): warning C4244: '*=' : conversion from 'double' to 'float', possible loss of data
     1>c:\users\greg2\documents\visual studio 2010\projects\dll2\dll2\calc1.cpp(1058): warning C4244: '=' : conversion from 'double' to 'float', possible loss of data
     1>c:\users\greg2\documents\visual studio 2010\projects\dll2\dll2\calc1.cpp(1059): warning C4244: '*=' : conversion from 'double' to 'float', possible loss of data
     1>c:\users\greg2\documents\visual studio 2010\projects\dll2\dll2\calc1.cpp(1065): warning C4244: '=' : conversion from 'double' to 'float', possible loss of data
     1>c:\users\greg2\documents\visual studio 2010\projects\dll2\dll2\calc1.cpp(1066): warning C4244: '=' : conversion from 'double' to 'float', possible loss of data
     1>c:\users\greg2\documents\visual studio 2010\projects\dll2\dll2\calc1.cpp(1067): warning C4244: '=' : conversion from 'double' to 'float', possible loss of data
     1>c:\users\greg2\documents\visual studio 2010\projects\dll2\dll2\calc1.cpp(1070): warning C4244: '=' : conversion from 'double' to 'float', possible loss of data
     1>c:\users\greg2\documents\visual studio 2010\projects\dll2\dll2\calc1.cpp(1071): warning C4244: '*=' : conversion from 'double' to 'float', possible loss of data
     1>c:\users\greg2\documents\visual studio 2010\projects\dll2\dll2\calc1.cpp(1075): warning C4244: '=' : conversion from 'double' to 'float', possible loss of data
     1>c:\users\greg2\documents\visual studio 2010\projects\dll2\dll2\calc1.cpp(1076): warning C4244: '*=' : conversion from 'double' to 'float', possible loss of data
     1>c:\users\greg2\documents\visual studio 2010\projects\dll2\dll2\calc1.cpp(1080): warning C4244: '=' : conversion from 'double' to 'float', possible loss of data
     1>c:\users\greg2\documents\visual studio 2010\projects\dll2\dll2\calc1.cpp(1081): warning C4244: '=' : conversion from 'double' to 'float', possible loss of data
     1>c:\users\greg2\documents\visual studio 2010\projects\dll2\dll2\calc1.cpp(1082): warning C4244: '=' : conversion from 'double' to 'float', possible loss of data
     1>c:\users\greg2\documents\visual studio 2010\projects\dll2\dll2\calc1.cpp(1085): warning C4244: '=' : conversion from 'double' to 'float', possible loss of data
     1>c:\users\greg2\documents\visual studio 2010\projects\dll2\dll2\calc1.cpp(1086): warning C4244: '*=' : conversion from 'double' to 'float', possible loss of data
     1>c:\users\greg2\documents\visual studio 2010\projects\dll2\dll2\calc1.cpp(1090): warning C4244: '=' : conversion from 'double' to 'float', possible loss of data
     1>c:\users\greg2\documents\visual studio 2010\projects\dll2\dll2\calc1.cpp(1091): warning C4244: '*=' : conversion from 'double' to 'float', possible loss of data
     1>c:\users\greg2\documents\visual studio 2010\projects\dll2\dll2\calc1.cpp(1097): warning C4244: '=' : conversion from 'double' to 'float', possible loss of data
     1>c:\users\greg2\documents\visual studio 2010\projects\dll2\dll2\calc1.cpp(1098): warning C4244: '=' : conversion from 'double' to 'float', possible loss of data
     1>c:\users\greg2\documents\visual studio 2010\projects\dll2\dll2\calc1.cpp(1099): warning C4244: '=' : conversion from 'double' to 'float', possible loss of data
     1>c:\users\greg2\documents\visual studio 2010\projects\dll2\dll2\calc1.cpp(1102): warning C4244: '=' : conversion from 'double' to 'float', possible loss of data
     1>c:\users\greg2\documents\visual studio 2010\projects\dll2\dll2\calc1.cpp(1103): warning C4244: '*=' : conversion from 'double' to 'float', possible loss of data
     1>c:\users\greg2\documents\visual studio 2010\projects\dll2\dll2\calc1.cpp(1107): warning C4244: '=' : conversion from 'double' to 'float', possible loss of data
     1>c:\users\greg2\documents\visual studio 2010\projects\dll2\dll2\calc1.cpp(1108): warning C4244: '*=' : conversion from 'double' to 'float', possible loss of data
     1>c:\users\greg2\documents\visual studio 2010\projects\dll2\dll2\calc1.cpp(1112): warning C4244: '=' : conversion from 'double' to 'float', possible loss of data
     1>c:\users\greg2\documents\visual studio 2010\projects\dll2\dll2\calc1.cpp(1114): warning C4244: '=' : conversion from 'double' to 'float', possible loss of data
     1>c:\users\greg2\documents\visual studio 2010\projects\dll2\dll2\calc1.cpp(1118): warning C4244: '=' : conversion from 'double' to 'float', possible loss of data
     1>c:\users\greg2\documents\visual studio 2010\projects\dll2\dll2\calc1.cpp(1120): warning C4244: '=' : conversion from 'double' to 'float', possible loss of data
     1>c:\users\greg2\documents\visual studio 2010\projects\dll2\dll2\calc1.cpp(1124): warning C4244: '=' : conversion from 'double' to 'float', possible loss of data
     1>c:\users\greg2\documents\visual studio 2010\projects\dll2\dll2\calc1.cpp(1126): warning C4244: '=' : conversion from 'double' to 'float', possible loss of data
     1>c:\users\greg2\documents\visual studio 2010\projects\dll2\dll2\calc1.cpp(1130): warning C4244: '=' : conversion from 'double' to 'float', possible loss of data
     1>c:\users\greg2\documents\visual studio 2010\projects\dll2\dll2\calc1.cpp(1132): warning C4244: '=' : conversion from 'double' to 'float', possible loss of data
     1>c:\users\greg2\documents\visual studio 2010\projects\dll2\dll2\calc1.cpp(1138): warning C4244: '=' : conversion from 'double' to 'float', possible loss of data
     1>c:\users\greg2\documents\visual studio 2010\projects\dll2\dll2\calc1.cpp(1140): warning C4244: '=' : conversion from 'double' to 'float', possible loss of data
     1>c:\users\greg2\documents\visual studio 2010\projects\dll2\dll2\calc1.cpp(1144): warning C4244: '=' : conversion from 'double' to 'float', possible loss of data
     1>c:\users\greg2\documents\visual studio 2010\projects\dll2\dll2\calc1.cpp(1146): warning C4244: '=' : conversion from 'double' to 'float', possible loss of data
     1>c:\users\greg2\documents\visual studio 2010\projects\dll2\dll2\calc1.cpp(934): warning C4101: 'buf1' : unreferenced local variable
     1>c:\users\greg2\documents\visual studio 2010\projects\dll2\dll2\calc1.cpp(1165): warning C4101: 'buf1' : unreferenced local variable
     1>c:\users\greg2\documents\visual studio 2010\projects\dll2\dll2\calc1.cpp(1246): warning C4244: '=' : conversion from 'double' to 'float', possible loss of data
     1>c:\users\greg2\documents\visual studio 2010\projects\dll2\dll2\calc1.cpp(1261): warning C4244: '+=' : conversion from 'double' to 'float', possible loss of data
     1>c:\users\greg2\documents\visual studio 2010\projects\dll2\dll2\calc1.cpp(1262): warning C4244: '+=' : conversion from 'double' to 'float', possible loss of data
     1>c:\users\greg2\documents\visual studio 2010\projects\dll2\dll2\calc1.cpp(1276): warning C4244: 'argument' : conversion from 'double' to 'float', possible loss of data
     1>c:\users\greg2\documents\visual studio 2010\projects\dll2\dll2\calc1.cpp(1286): warning C4390: ';' : empty controlled statement found; is this the intent?
     1>c:\users\greg2\documents\visual studio 2010\projects\dll2\dll2\calc1.cpp(1287): warning C4390: ';' : empty controlled statement found; is this the intent?
     1>c:\users\greg2\documents\visual studio 2010\projects\dll2\dll2\calc1.cpp(1315): warning C4244: '=' : conversion from 'double' to 'float', possible loss of data
     1>c:\users\greg2\documents\visual studio 2010\projects\dll2\dll2\calc1.cpp(1316): warning C4244: '=' : conversion from 'double' to 'float', possible loss of data
     1>c:\users\greg2\documents\visual studio 2010\projects\dll2\dll2\calc1.cpp(1317): warning C4244: 'argument' : conversion from 'double' to 'float', possible loss of data
     1>c:\users\greg2\documents\visual studio 2010\projects\dll2\dll2\calc1.cpp(1319): warning C4244: 'argument' : conversion from 'double' to 'float', possible loss of data
     1>c:\users\greg2\documents\visual studio 2010\projects\dll2\dll2\calc1.cpp(1319): warning C4244: 'argument' : conversion from 'double' to 'float', possible loss of data
     1>c:\users\greg2\documents\visual studio 2010\projects\dll2\dll2\calc1.cpp(1322): warning C4244: 'argument' : conversion from 'double' to 'float', possible loss of data
     1>c:\users\greg2\documents\visual studio 2010\projects\dll2\dll2\calc1.cpp(1322): warning C4244: 'argument' : conversion from 'double' to 'float', possible loss of data
     1>c:\users\greg2\documents\visual studio 2010\projects\dll2\dll2\calc1.cpp(1322): warning C4244: 'argument' : conversion from 'double' to 'float', possible loss of data
     1>c:\users\greg2\documents\visual studio 2010\projects\dll2\dll2\calc1.cpp(1322): warning C4244: 'argument' : conversion from 'double' to 'float', possible loss of data
     1>c:\users\greg2\documents\visual studio 2010\projects\dll2\dll2\calc1.cpp(1324): warning C4244: 'argument' : conversion from 'double' to 'float', possible loss of data
     1>c:\users\greg2\documents\visual studio 2010\projects\dll2\dll2\calc1.cpp(1324): warning C4244: '=' : conversion from 'double' to 'float', possible loss of data
     1>c:\users\greg2\documents\visual studio 2010\projects\dll2\dll2\calc1.cpp(1327): warning C4244: '=' : conversion from 'double' to 'float', possible loss of data
     1>c:\users\greg2\documents\visual studio 2010\projects\dll2\dll2\calc1.cpp(1331): warning C4244: '=' : conversion from 'double' to 'float', possible loss of data
     1>c:\users\greg2\documents\visual studio 2010\projects\dll2\dll2\calc1.cpp(1332): warning C4244: '=' : conversion from 'double' to 'float', possible loss of data
     1>c:\users\greg2\documents\visual studio 2010\projects\dll2\dll2\calc1.cpp(1336): warning C4244: '=' : conversion from 'double' to 'float', possible loss of data
     1>c:\users\greg2\documents\visual studio 2010\projects\dll2\dll2\calc1.cpp(1337): warning C4244: '=' : conversion from 'double' to 'float', possible loss of data
     1>c:\users\greg2\documents\visual studio 2010\projects\dll2\dll2\calc1.cpp(1339): warning C4244: '=' : conversion from 'double' to 'float', possible loss of data
     1>c:\users\greg2\documents\visual studio 2010\projects\dll2\dll2\calc1.cpp(1342): warning C4244: '=' : conversion from 'double' to 'float', possible loss of data
     1>c:\users\greg2\documents\visual studio 2010\projects\dll2\dll2\calc1.cpp(1346): warning C4244: '=' : conversion from 'double' to 'float', possible loss of data
     1>c:\users\greg2\documents\visual studio 2010\projects\dll2\dll2\calc1.cpp(1349): warning C4244: '=' : conversion from 'double' to 'float', possible loss of data
     1>c:\users\greg2\documents\visual studio 2010\projects\dll2\dll2\calc1.cpp(1351): warning C4244: '=' : conversion from 'double' to 'float', possible loss of data
     1>c:\users\greg2\documents\visual studio 2010\projects\dll2\dll2\calc1.cpp(1352): warning C4244: '=' : conversion from 'double' to 'float', possible loss of data
         calc.cpp
     1>c:\users\greg2\documents\visual studio 2010\projects\dll2\dll2\class_model.cpp(163): warning C4996: 'sprintf': This function or variable may be unsafe. Consider using sprintf_s instead. To disable deprecation, use _CRT_SECURE_NO_WARNINGS. See online help for details.
                 c:\program files (x86)\microsoft visual studio 10.0\vc\include\stdio.h(371) : see declaration of 'sprintf'
     1>c:\users\greg2\documents\visual studio 2010\projects\dll2\dll2\class_model.cpp(178): warning C4996: 'sprintf': This function or variable may be unsafe. Consider using sprintf_s instead. To disable deprecation, use _CRT_SECURE_NO_WARNINGS. See online help for details.
                 c:\program files (x86)\microsoft visual studio 10.0\vc\include\stdio.h(371) : see declaration of 'sprintf'
     1>c:\users\greg2\documents\visual studio 2010\projects\dll2\dll2\class_model.cpp(270): warning C4996: 'strcpy': This function or variable may be unsafe. Consider using strcpy_s instead. To disable deprecation, use _CRT_SECURE_NO_WARNINGS. See online help for details.
                 c:\program files (x86)\microsoft visual studio 10.0\vc\include\string.h(105) : see declaration of 'strcpy'
     1>c:\users\greg2\documents\visual studio 2010\projects\dll2\dll2\class_model.cpp(335): warning C4101: 's0' : unreferenced local variable
     1>c:\users\greg2\documents\visual studio 2010\projects\dll2\dll2\class_model.cpp(347): warning C4101: 's0' : unreferenced local variable
     1>c:\users\greg2\documents\visual studio 2010\projects\dll2\dll2\class_model.cpp(374): warning C4996: 'sprintf': This function or variable may be unsafe. Consider using sprintf_s instead. To disable deprecation, use _CRT_SECURE_NO_WARNINGS. See online help for details.
                 c:\program files (x86)\microsoft visual studio 10.0\vc\include\stdio.h(371) : see declaration of 'sprintf'
     1>c:\users\greg2\documents\visual studio 2010\projects\dll2\dll2\class_model.cpp(419): warning C4996: 'strcpy': This function or variable may be unsafe. Consider using strcpy_s instead. To disable deprecation, use _CRT_SECURE_NO_WARNINGS. See online help for details.
                 c:\program files (x86)\microsoft visual studio 10.0\vc\include\string.h(105) : see declaration of 'strcpy'
     1>c:\users\greg2\documents\visual studio 2010\projects\dll2\dll2\class_model.cpp(420): warning C4244: '=' : conversion from 'double' to 'long', possible loss of data
     1>c:\users\greg2\documents\visual studio 2010\projects\dll2\dll2\class_model.cpp(475): warning C4996: 'strcpy': This function or variable may be unsafe. Consider using strcpy_s instead. To disable deprecation, use _CRT_SECURE_NO_WARNINGS. See online help for details.
                 c:\program files (x86)\microsoft visual studio 10.0\vc\include\string.h(105) : see declaration of 'strcpy'
     1>c:\users\greg2\documents\visual studio 2010\projects\dll2\dll2\class_model.cpp(518): warning C4996: 'strcpy': This function or variable may be unsafe. Consider using strcpy_s instead. To disable deprecation, use _CRT_SECURE_NO_WARNINGS. See online help for details.
                 c:\program files (x86)\microsoft visual studio 10.0\vc\include\string.h(105) : see declaration of 'strcpy'
     1>c:\users\greg2\documents\visual studio 2010\projects\dll2\dll2\class_model.cpp(611): warning C4101: 's0' : unreferenced local variable
     1>c:\users\greg2\documents\visual studio 2010\projects\dll2\dll2\calc.cpp(25): warning C4005: 'BUFLEN' : macro redefinition
                 c:\users\greg2\documents\visual studio 2010\projects\dll2\dll2\class_eq.h(11) : see previous definition of 'BUFLEN'
     1>c:\users\greg2\documents\visual studio 2010\projects\dll2\dll2\calc.cpp(119): warning C4805: '==' : unsafe mix of type 'int' and type 'bool' in operation
     1>c:\users\greg2\documents\visual studio 2010\projects\dll2\dll2\calc.cpp(131): warning C4805: '==' : unsafe mix of type 'int' and type 'bool' in operation
     1>c:\users\greg2\documents\visual studio 2010\projects\dll2\dll2\calc.cpp(138): warning C4805: '==' : unsafe mix of type 'int' and type 'bool' in operation
     1>c:\users\greg2\documents\visual studio 2010\projects\dll2\dll2\calc.cpp(219): warning C4996: 'strcpy': This function or variable may be unsafe. Consider using strcpy_s instead. To disable deprecation, use _CRT_SECURE_NO_WARNINGS. See online help for details.
                 c:\program files (x86)\microsoft visual studio 10.0\vc\include\string.h(105) : see declaration of 'strcpy'
     1>c:\users\greg2\documents\visual studio 2010\projects\dll2\dll2\calc.cpp(220): warning C4996: 'strcat': This function or variable may be unsafe. Consider using strcat_s instead. To disable deprecation, use _CRT_SECURE_NO_WARNINGS. See online help for details.
                 c:\program files (x86)\microsoft visual studio 10.0\vc\include\string.h(110) : see declaration of 'strcat'
     1>c:\users\greg2\documents\visual studio 2010\projects\dll2\dll2\calc.cpp(227): warning C4996: 'strcpy': This function or variable may be unsafe. Consider using strcpy_s instead. To disable deprecation, use _CRT_SECURE_NO_WARNINGS. See online help for details.
                 c:\program files (x86)\microsoft visual studio 10.0\vc\include\string.h(105) : see declaration of 'strcpy'
     1>c:\users\greg2\documents\visual studio 2010\projects\dll2\dll2\calc.cpp(228): warning C4996: 'strcat': This function or variable may be unsafe. Consider using strcat_s instead. To disable deprecation, use _CRT_SECURE_NO_WARNINGS. See online help for details.
                 c:\program files (x86)\microsoft visual studio 10.0\vc\include\string.h(110) : see declaration of 'strcat'
     1>c:\users\greg2\documents\visual studio 2010\projects\dll2\dll2\calc.cpp(229): warning C4996: 'strcat': This function or variable may be unsafe. Consider using strcat_s instead. To disable deprecation, use _CRT_SECURE_NO_WARNINGS. See online help for details.
                 c:\program files (x86)\microsoft visual studio 10.0\vc\include\string.h(110) : see declaration of 'strcat'
     1>c:\users\greg2\documents\visual studio 2010\projects\dll2\dll2\calc.cpp(230): warning C4996: 'strcat': This function or variable may be unsafe. Consider using strcat_s instead. To disable deprecation, use _CRT_SECURE_NO_WARNINGS. See online help for details.
                 c:\program files (x86)\microsoft visual studio 10.0\vc\include\string.h(110) : see declaration of 'strcat'
     1>c:\users\greg2\documents\visual studio 2010\projects\dll2\dll2\calc.cpp(244): warning C4244: '+=' : conversion from 'double' to 'float', possible loss of data
     1>c:\users\greg2\documents\visual studio 2010\projects\dll2\dll2\calc.cpp(245): warning C4244: '+=' : conversion from 'double' to 'float', possible loss of data
     1>c:\users\greg2\documents\visual studio 2010\projects\dll2\dll2\calc.cpp(246): warning C4244: '+=' : conversion from 'double' to 'float', possible loss of data
     1>c:\users\greg2\documents\visual studio 2010\projects\dll2\dll2\calc.cpp(248): warning C4244: '+=' : conversion from 'double' to 'float', possible loss of data
     1>c:\users\greg2\documents\visual studio 2010\projects\dll2\dll2\calc.cpp(249): warning C4244: '+=' : conversion from 'double' to 'float', possible loss of data
     1>c:\users\greg2\documents\visual studio 2010\projects\dll2\dll2\calc.cpp(81): warning C4101: 'todo' : unreferenced local variable
     1>c:\users\greg2\documents\visual studio 2010\projects\dll2\dll2\calc.cpp(67): warning C4101: 'tibom' : unreferenced local variable
     1>c:\users\greg2\documents\visual studio 2010\projects\dll2\dll2\calc.cpp(74): warning C4101: 'r_start' : unreferenced local variable
     1>c:\users\greg2\documents\visual studio 2010\projects\dll2\dll2\calc.cpp(69): warning C4101: 'i' : unreferenced local variable
     1>c:\users\greg2\documents\visual studio 2010\projects\dll2\dll2\calc.cpp(65): warning C4101: 'toper' : unreferenced local variable
     1>c:\users\greg2\documents\visual studio 2010\projects\dll2\dll2\calc.cpp(71): warning C4101: 'o_start' : unreferenced local variable
     1>c:\users\greg2\documents\visual studio 2010\projects\dll2\dll2\calc.cpp(72): warning C4101: 'o_count' : unreferenced local variable
     1>c:\users\greg2\documents\visual studio 2010\projects\dll2\dll2\calc.cpp(78): warning C4101: 'i_count' : unreferenced local variable
     1>c:\users\greg2\documents\visual studio 2010\projects\dll2\dll2\calc.cpp(66): warning C4101: 'troute' : unreferenced local variable
     1>c:\users\greg2\documents\visual studio 2010\projects\dll2\dll2\calc.cpp(75): warning C4101: 'r_count' : unreferenced local variable
     1>c:\users\greg2\documents\visual studio 2010\projects\dll2\dll2\calc.cpp(77): warning C4101: 'i_start' : unreferenced local variable
         Brent.cpp
     1>c:\users\greg2\documents\visual studio 2010\projects\dll2\dll2\class_model.cpp(163): warning C4996: 'sprintf': This function or variable may be unsafe. Consider using sprintf_s instead. To disable deprecation, use _CRT_SECURE_NO_WARNINGS. See online help for details.
                 c:\program files (x86)\microsoft visual studio 10.0\vc\include\stdio.h(371) : see declaration of 'sprintf'
     1>c:\users\greg2\documents\visual studio 2010\projects\dll2\dll2\class_model.cpp(178): warning C4996: 'sprintf': This function or variable may be unsafe. Consider using sprintf_s instead. To disable deprecation, use _CRT_SECURE_NO_WARNINGS. See online help for details.
                 c:\program files (x86)\microsoft visual studio 10.0\vc\include\stdio.h(371) : see declaration of 'sprintf'
     1>c:\users\greg2\documents\visual studio 2010\projects\dll2\dll2\class_model.cpp(270): warning C4996: 'strcpy': This function or variable may be unsafe. Consider using strcpy_s instead. To disable deprecation, use _CRT_SECURE_NO_WARNINGS. See online help for details.
                 c:\program files (x86)\microsoft visual studio 10.0\vc\include\string.h(105) : see declaration of 'strcpy'
     1>c:\users\greg2\documents\visual studio 2010\projects\dll2\dll2\class_model.cpp(335): warning C4101: 's0' : unreferenced local variable
     1>c:\users\greg2\documents\visual studio 2010\projects\dll2\dll2\class_model.cpp(347): warning C4101: 's0' : unreferenced local variable
     1>c:\users\greg2\documents\visual studio 2010\projects\dll2\dll2\class_model.cpp(374): warning C4996: 'sprintf': This function or variable may be unsafe. Consider using sprintf_s instead. To disable deprecation, use _CRT_SECURE_NO_WARNINGS. See online help for details.
                 c:\program files (x86)\microsoft visual studio 10.0\vc\include\stdio.h(371) : see declaration of 'sprintf'
     1>c:\users\greg2\documents\visual studio 2010\projects\dll2\dll2\class_model.cpp(419): warning C4996: 'strcpy': This function or variable may be unsafe. Consider using strcpy_s instead. To disable deprecation, use _CRT_SECURE_NO_WARNINGS. See online help for details.
                 c:\program files (x86)\microsoft visual studio 10.0\vc\include\string.h(105) : see declaration of 'strcpy'
     1>c:\users\greg2\documents\visual studio 2010\projects\dll2\dll2\class_model.cpp(420): warning C4244: '=' : conversion from 'double' to 'long', possible loss of data
     1>c:\users\greg2\documents\visual studio 2010\projects\dll2\dll2\class_model.cpp(475): warning C4996: 'strcpy': This function or variable may be unsafe. Consider using strcpy_s instead. To disable deprecation, use _CRT_SECURE_NO_WARNINGS. See online help for details.
                 c:\program files (x86)\microsoft visual studio 10.0\vc\include\string.h(105) : see declaration of 'strcpy'
     1>c:\users\greg2\documents\visual studio 2010\projects\dll2\dll2\class_model.cpp(518): warning C4996: 'strcpy': This function or variable may be unsafe. Consider using strcpy_s instead. To disable deprecation, use _CRT_SECURE_NO_WARNINGS. See online help for details.
                 c:\program files (x86)\microsoft visual studio 10.0\vc\include\string.h(105) : see declaration of 'strcpy'
     1>c:\users\greg2\documents\visual studio 2010\projects\dll2\dll2\class_model.cpp(611): warning C4101: 's0' : unreferenced local variable
     1>c:\users\greg2\documents\visual studio 2010\projects\dll2\dll2\brent.cpp(37): warning C4244: '=' : conversion from 'double' to 'float', possible loss of data
     1>c:\users\greg2\documents\visual studio 2010\projects\dll2\dll2\brent.cpp(38): warning C4244: '=' : conversion from 'double' to 'float', possible loss of data
     1>c:\users\greg2\documents\visual studio 2010\projects\dll2\dll2\brent.cpp(38): warning C4244: '=' : conversion from 'double' to 'float', possible loss of data
     1>c:\users\greg2\documents\visual studio 2010\projects\dll2\dll2\brent.cpp(47): warning C4244: '=' : conversion from 'double' to 'float', possible loss of data
     1>c:\users\greg2\documents\visual studio 2010\projects\dll2\dll2\brent.cpp(53): warning C4244: '=' : conversion from 'double' to 'float', possible loss of data
     1>c:\users\greg2\documents\visual studio 2010\projects\dll2\dll2\brent.cpp(61): warning C4244: '=' : conversion from 'double' to 'float', possible loss of data
     1>c:\users\greg2\documents\visual studio 2010\projects\dll2\dll2\brent.cpp(125): warning C4244: 'argument' : conversion from 'double' to 'float', possible loss of data
     1>c:\users\greg2\documents\visual studio 2010\projects\dll2\dll2\brent.cpp(134): warning C4244: '=' : conversion from 'double' to 'float', possible loss of data
     1>c:\users\greg2\documents\visual studio 2010\projects\dll2\dll2\brent.cpp(138): warning C4244: '=' : conversion from 'double' to 'float', possible loss of data
     1>c:\users\greg2\documents\visual studio 2010\projects\dll2\dll2\brent.cpp(147): warning C4244: '=' : conversion from 'double' to 'float', possible loss of data
     1>c:\users\greg2\documents\visual studio 2010\projects\dll2\dll2\brent.cpp(151): warning C4244: '=' : conversion from 'double' to 'float', possible loss of data
     1>c:\users\greg2\documents\visual studio 2010\projects\dll2\dll2\brent.cpp(160): warning C4244: 'return' : conversion from 'double' to 'float', possible loss of data
     1>c:\users\greg2\documents\visual studio 2010\projects\dll2\dll2\brent.cpp(167): warning C4244: 'return' : conversion from 'double' to 'float', possible loss of data
         Brack2.cpp
     1>c:\users\greg2\documents\visual studio 2010\projects\dll2\dll2\class_model.cpp(163): warning C4996: 'sprintf': This function or variable may be unsafe. Consider using sprintf_s instead. To disable deprecation, use _CRT_SECURE_NO_WARNINGS. See online help for details.
                 c:\program files (x86)\microsoft visual studio 10.0\vc\include\stdio.h(371) : see declaration of 'sprintf'
     1>c:\users\greg2\documents\visual studio 2010\projects\dll2\dll2\class_model.cpp(178): warning C4996: 'sprintf': This function or variable may be unsafe. Consider using sprintf_s instead. To disable deprecation, use _CRT_SECURE_NO_WARNINGS. See online help for details.
                 c:\program files (x86)\microsoft visual studio 10.0\vc\include\stdio.h(371) : see declaration of 'sprintf'
     1>c:\users\greg2\documents\visual studio 2010\projects\dll2\dll2\class_model.cpp(270): warning C4996: 'strcpy': This function or variable may be unsafe. Consider using strcpy_s instead. To disable deprecation, use _CRT_SECURE_NO_WARNINGS. See online help for details.
                 c:\program files (x86)\microsoft visual studio 10.0\vc\include\string.h(105) : see declaration of 'strcpy'
     1>c:\users\greg2\documents\visual studio 2010\projects\dll2\dll2\class_model.cpp(335): warning C4101: 's0' : unreferenced local variable
     1>c:\users\greg2\documents\visual studio 2010\projects\dll2\dll2\class_model.cpp(347): warning C4101: 's0' : unreferenced local variable
     1>c:\users\greg2\documents\visual studio 2010\projects\dll2\dll2\class_model.cpp(374): warning C4996: 'sprintf': This function or variable may be unsafe. Consider using sprintf_s instead. To disable deprecation, use _CRT_SECURE_NO_WARNINGS. See online help for details.
                 c:\program files (x86)\microsoft visual studio 10.0\vc\include\stdio.h(371) : see declaration of 'sprintf'
     1>c:\users\greg2\documents\visual studio 2010\projects\dll2\dll2\class_model.cpp(419): warning C4996: 'strcpy': This function or variable may be unsafe. Consider using strcpy_s instead. To disable deprecation, use _CRT_SECURE_NO_WARNINGS. See online help for details.
                 c:\program files (x86)\microsoft visual studio 10.0\vc\include\string.h(105) : see declaration of 'strcpy'
     1>c:\users\greg2\documents\visual studio 2010\projects\dll2\dll2\class_model.cpp(420): warning C4244: '=' : conversion from 'double' to 'long', possible loss of data
     1>c:\users\greg2\documents\visual studio 2010\projects\dll2\dll2\class_model.cpp(475): warning C4996: 'strcpy': This function or variable may be unsafe. Consider using strcpy_s instead. To disable deprecation, use _CRT_SECURE_NO_WARNINGS. See online help for details.
                 c:\program files (x86)\microsoft visual studio 10.0\vc\include\string.h(105) : see declaration of 'strcpy'
     1>c:\users\greg2\documents\visual studio 2010\projects\dll2\dll2\class_model.cpp(518): warning C4996: 'strcpy': This function or variable may be unsafe. Consider using strcpy_s instead. To disable deprecation, use _CRT_SECURE_NO_WARNINGS. See online help for details.
                 c:\program files (x86)\microsoft visual studio 10.0\vc\include\string.h(105) : see declaration of 'strcpy'
     1>c:\users\greg2\documents\visual studio 2010\projects\dll2\dll2\class_model.cpp(611): warning C4101: 's0' : unreferenced local variable
     1>c:\users\greg2\documents\visual studio 2010\projects\dll2\dll2\brack2.cpp(43): warning C4996: 'sprintf': This function or variable may be unsafe. Consider using sprintf_s instead. To disable deprecation, use _CRT_SECURE_NO_WARNINGS. See online help for details.
                 c:\program files (x86)\microsoft visual studio 10.0\vc\include\stdio.h(371) : see declaration of 'sprintf'
     1>c:\users\greg2\documents\visual studio 2010\projects\dll2\dll2\brack2.cpp(58): warning C4996: 'sprintf': This function or variable may be unsafe. Consider using sprintf_s instead. To disable deprecation, use _CRT_SECURE_NO_WARNINGS. See online help for details.
                 c:\program files (x86)\microsoft visual studio 10.0\vc\include\stdio.h(371) : see declaration of 'sprintf'
     1>c:\users\greg2\documents\visual studio 2010\projects\dll2\dll2\brack2.cpp(83): warning C4996: 'sprintf': This function or variable may be unsafe. Consider using sprintf_s instead. To disable deprecation, use _CRT_SECURE_NO_WARNINGS. See online help for details.
                 c:\program files (x86)\microsoft visual studio 10.0\vc\include\stdio.h(371) : see declaration of 'sprintf'
     1>c:\users\greg2\documents\visual studio 2010\projects\dll2\dll2\brack2.cpp(105): warning C4996: 'sprintf': This function or variable may be unsafe. Consider using sprintf_s instead. To disable deprecation, use _CRT_SECURE_NO_WARNINGS. See online help for details.
                 c:\program files (x86)\microsoft visual studio 10.0\vc\include\stdio.h(371) : see declaration of 'sprintf'
     1>c:\users\greg2\documents\visual studio 2010\projects\dll2\dll2\brack2.cpp(32): warning C4101: 'sign1' : unreferenced local variable
     1>c:\users\greg2\documents\visual studio 2010\projects\dll2\dll2\brack2.cpp(32): warning C4101: 'sign2' : unreferenced local variable
     1>c:\users\greg2\documents\visual studio 2010\projects\dll2\dll2\brack2.cpp(35): warning C4101: 'vecp2' : unreferenced local variable
     1>c:\users\greg2\documents\visual studio 2010\projects\dll2\dll2\brack2.cpp(31): warning C4101: 'dp1' : unreferenced local variable
     1>c:\users\greg2\documents\visual studio 2010\projects\dll2\dll2\brack2.cpp(34): warning C4101: 'vecp1' : unreferenced local variable
     1>c:\users\greg2\documents\visual studio 2010\projects\dll2\dll2\brack2.cpp(31): warning C4101: 'dp2' : unreferenced local variable
         Generating Code...
       ResourceCompile:
         C:\Program Files (x86)\Microsoft SDKs\Windows\v7.0A\bin\rc.exe /D _DEBUG /D _UNICODE /D UNICODE /D _AFXDLL /l"0x0409" /IDebug\ /nologo /fo"Debug\dll2.res" dll2.rc 
       ManifestResourceCompile:
         C:\Program Files (x86)\Microsoft SDKs\Windows\v7.0A\bin\rc.exe /nologo /fo"Debug\dll2.dll.embed.manifest.res" Debug\dll2_manifest.rc 
       Link:
         c:\Program Files (x86)\Microsoft Visual Studio 10.0\VC\bin\link.exe /ERRORREPORT:PROMPT /OUT:"C:\Users\greg2\Documents\Visual Studio 2010\Projects\dll2\Debug\dll2.dll" /INCREMENTAL /NOLOGO /DEF:".\dll2.def" /MANIFEST /ManifestFile:"Debug\dll2.dll.intermediate.manifest" /MANIFESTUAC:"level='asInvoker' uiAccess='false'" /DEBUG /PDB:"C:\Users\greg2\Documents\Visual Studio 2010\Projects\dll2\Debug\dll2.pdb" /SUBSYSTEM:WINDOWS /TLBID:1 /DYNAMICBASE /NXCOMPAT /IMPLIB:"C:\Users\greg2\Documents\Visual Studio 2010\Projects\dll2\Debug\dll2.lib" /MACHINE:X86 /DLL Debug\dll2.res
         Debug\dll2.dll.embed.manifest.res
         Debug\Brack2.obj
         Debug\Brent.obj
         Debug\calc.obj
         Debug\calc1.obj
         Debug\calc10.obj
         Debug\calc11.obj
         Debug\calc2.obj
         Debug\calc3.obj
         Debug\calc4.obj
         Debug\calc5.obj
         Debug\calc6.obj
         Debug\calc7.obj
         Debug\calc8.obj
         Debug\calc9.obj
         Debug\class_eq.obj
         Debug\class_ibom.obj
         Debug\class_lab.obj
         Debug\class_model.obj
         Debug\class_oper.obj
         Debug\class_part.obj
         Debug\class_route.obj
         Debug\data1.obj
         Debug\dll2.obj
         Debug\f1dim.obj
         Debug\io_code.obj
         Debug\mp_demd.obj
         Debug\oplst.obj
         Debug\wused.obj
            Creating library C:\Users\greg2\Documents\Visual Studio 2010\Projects\dll2\Debug\dll2.lib and object C:\Users\greg2\Documents\Visual Studio 2010\Projects\dll2\Debug\dll2.exp
     1>LINK : warning LNK4098: defaultlib 'MSVCRT' conflicts with use of other libs; use /NODEFAULTLIB:library
       Manifest:
         C:\Program Files (x86)\Microsoft SDKs\Windows\v7.0A\bin\mt.exe /nologo /verbose /out:"Debug\dll2.dll.embed.manifest" /manifest Debug\dll2.dll.intermediate.manifest "c:\Program Files (x86)\Microsoft Visual Studio 10.0\VC\Include\Manifest\dpiaware.manifest"
         C:\Program Files (x86)\Microsoft SDKs\Windows\v7.0A\bin\rc.exe /nologo /fo"Debug\dll2.dll.embed.manifest.res" Debug\dll2_manifest.rc 
       LinkEmbedManifest:
         c:\Program Files (x86)\Microsoft Visual Studio 10.0\VC\bin\link.exe /ERRORREPORT:PROMPT /OUT:"C:\Users\greg2\Documents\Visual Studio 2010\Projects\dll2\Debug\dll2.dll" /INCREMENTAL /NOLOGO /DEF:".\dll2.def" /MANIFEST /ManifestFile:"Debug\dll2.dll.intermediate.manifest" /MANIFESTUAC:"level='asInvoker' uiAccess='false'" /DEBUG /PDB:"C:\Users\greg2\Documents\Visual Studio 2010\Projects\dll2\Debug\dll2.pdb" /SUBSYSTEM:WINDOWS /TLBID:1 /DYNAMICBASE /NXCOMPAT /IMPLIB:"C:\Users\greg2\Documents\Visual Studio 2010\Projects\dll2\Debug\dll2.lib" /MACHINE:X86 /DLL Debug\dll2.res
         Debug\dll2.dll.embed.manifest.res
         Debug\Brack2.obj
         Debug\Brent.obj
         Debug\calc.obj
         Debug\calc1.obj
         Debug\calc10.obj
         Debug\calc11.obj
         Debug\calc2.obj
         Debug\calc3.obj
         Debug\calc4.obj
         Debug\calc5.obj
         Debug\calc6.obj
         Debug\calc7.obj
         Debug\calc8.obj
         Debug\calc9.obj
         Debug\class_eq.obj
         Debug\class_ibom.obj
         Debug\class_lab.obj
         Debug\class_model.obj
         Debug\class_oper.obj
         Debug\class_part.obj
         Debug\class_route.obj
         Debug\data1.obj
         Debug\dll2.obj
         Debug\f1dim.obj
         Debug\io_code.obj
         Debug\mp_demd.obj
         Debug\oplst.obj
         Debug\wused.obj
            Creating library C:\Users\greg2\Documents\Visual Studio 2010\Projects\dll2\Debug\dll2.lib and object C:\Users\greg2\Documents\Visual Studio 2010\Projects\dll2\Debug\dll2.exp
     1>LINK : warning LNK4098: defaultlib 'MSVCRT' conflicts with use of other libs; use /NODEFAULTLIB:library
         dll2.vcxproj -> C:\Users\greg2\Documents\Visual Studio 2010\Projects\dll2\Debug\dll2.dll
       FinalizeBuildStatus:
         Deleting file "Debug\dll2.unsuccessfulbuild".
         Touching "Debug\dll2.lastbuildstate".
     1>Done Building Project "C:\Users\greg2\Documents\Visual Studio 2010\Projects\dll2\dll2\dll2.vcxproj" (build target(s)).

Build succeeded.

Time Elapsed 00:00:14.44
