C:\USERS\GREG2\DOCUMENTS\VISUAL STUDIO 2010\PROJECTS\DLL2\DEBUG\DLL2.DLL
C:\Users\greg2\Documents\Visual Studio 2010\Projects\dll2\Debug\dll2.exp
C:\USERS\GREG2\DOCUMENTS\VISUAL STUDIO 2010\PROJECTS\DLL2\DEBUG\DLL2.ILK
C:\Users\greg2\Documents\Visual Studio 2010\Projects\dll2\Debug\dll2.lib
C:\USERS\GREG2\DOCUMENTS\VISUAL STUDIO 2010\PROJECTS\DLL2\DEBUG\DLL2.PDB
C:\USERS\GREG2\DOCUMENTS\VISUAL STUDIO 2010\PROJECTS\DLL2\DLL2\DEBUG\BRACK2.OBJ
C:\USERS\GREG2\DOCUMENTS\VISUAL STUDIO 2010\PROJECTS\DLL2\DLL2\DEBUG\BRENT.OBJ
C:\USERS\GREG2\DOCUMENTS\VISUAL STUDIO 2010\PROJECTS\DLL2\DLL2\DEBUG\CALC.OBJ
C:\USERS\GREG2\DOCUMENTS\VISUAL STUDIO 2010\PROJECTS\DLL2\DLL2\DEBUG\CALC1.OBJ
C:\USERS\GREG2\DOCUMENTS\VISUAL STUDIO 2010\PROJECTS\DLL2\DLL2\DEBUG\CALC10.OBJ
C:\USERS\GREG2\DOCUMENTS\VISUAL STUDIO 2010\PROJECTS\DLL2\DLL2\DEBUG\CALC11.OBJ
C:\USERS\GREG2\DOCUMENTS\VISUAL STUDIO 2010\PROJECTS\DLL2\DLL2\DEBUG\CALC2.OBJ
C:\USERS\GREG2\DOCUMENTS\VISUAL STUDIO 2010\PROJECTS\DLL2\DLL2\DEBUG\CALC3.OBJ
C:\USERS\GREG2\DOCUMENTS\VISUAL STUDIO 2010\PROJECTS\DLL2\DLL2\DEBUG\CALC4.OBJ
C:\USERS\GREG2\DOCUMENTS\VISUAL STUDIO 2010\PROJECTS\DLL2\DLL2\DEBUG\CALC5.OBJ
C:\USERS\GREG2\DOCUMENTS\VISUAL STUDIO 2010\PROJECTS\DLL2\DLL2\DEBUG\CALC6.OBJ
C:\USERS\GREG2\DOCUMENTS\VISUAL STUDIO 2010\PROJECTS\DLL2\DLL2\DEBUG\CALC7.OBJ
C:\USERS\GREG2\DOCUMENTS\VISUAL STUDIO 2010\PROJECTS\DLL2\DLL2\DEBUG\CALC8.OBJ
C:\USERS\GREG2\DOCUMENTS\VISUAL STUDIO 2010\PROJECTS\DLL2\DLL2\DEBUG\CALC9.OBJ
C:\Users\greg2\Documents\Visual Studio 2010\Projects\dll2\dll2\Debug\cl.command.1.tlog
C:\Users\greg2\Documents\Visual Studio 2010\Projects\dll2\dll2\Debug\CL.read.1.tlog
C:\Users\greg2\Documents\Visual Studio 2010\Projects\dll2\dll2\Debug\CL.write.1.tlog
C:\USERS\GREG2\DOCUMENTS\VISUAL STUDIO 2010\PROJECTS\DLL2\DLL2\DEBUG\CLASS_EQ.OBJ
C:\USERS\GREG2\DOCUMENTS\VISUAL STUDIO 2010\PROJECTS\DLL2\DLL2\DEBUG\CLASS_IBOM.OBJ
C:\USERS\GREG2\DOCUMENTS\VISUAL STUDIO 2010\PROJECTS\DLL2\DLL2\DEBUG\CLASS_LAB.OBJ
C:\USERS\GREG2\DOCUMENTS\VISUAL STUDIO 2010\PROJECTS\DLL2\DLL2\DEBUG\CLASS_MODEL.OBJ
C:\USERS\GREG2\DOCUMENTS\VISUAL STUDIO 2010\PROJECTS\DLL2\DLL2\DEBUG\CLASS_OPER.OBJ
C:\USERS\GREG2\DOCUMENTS\VISUAL STUDIO 2010\PROJECTS\DLL2\DLL2\DEBUG\CLASS_PART.OBJ
C:\USERS\GREG2\DOCUMENTS\VISUAL STUDIO 2010\PROJECTS\DLL2\DLL2\DEBUG\CLASS_ROUTE.OBJ
C:\USERS\GREG2\DOCUMENTS\VISUAL STUDIO 2010\PROJECTS\DLL2\DLL2\DEBUG\DATA1.OBJ
C:\USERS\GREG2\DOCUMENTS\VISUAL STUDIO 2010\PROJECTS\DLL2\DLL2\DEBUG\DLL2.DLL.EMBED.MANIFEST
C:\USERS\GREG2\DOCUMENTS\VISUAL STUDIO 2010\PROJECTS\DLL2\DLL2\DEBUG\DLL2.DLL.EMBED.MANIFEST.RES
C:\USERS\GREG2\DOCUMENTS\VISUAL STUDIO 2010\PROJECTS\DLL2\DLL2\DEBUG\DLL2.DLL.INTERMEDIATE.MANIFEST
C:\USERS\GREG2\DOCUMENTS\VISUAL STUDIO 2010\PROJECTS\DLL2\DLL2\DEBUG\DLL2.OBJ
C:\USERS\GREG2\DOCUMENTS\VISUAL STUDIO 2010\PROJECTS\DLL2\DLL2\DEBUG\DLL2.RES
C:\Users\greg2\Documents\Visual Studio 2010\Projects\dll2\dll2\Debug\dll2.vcxprojResolveAssemblyReference.cache
C:\Users\greg2\Documents\Visual Studio 2010\Projects\dll2\dll2\Debug\dll2.write.1.tlog
C:\Users\greg2\Documents\Visual Studio 2010\Projects\dll2\dll2\Debug\dll2_manifest.rc
C:\USERS\GREG2\DOCUMENTS\VISUAL STUDIO 2010\PROJECTS\DLL2\DLL2\DEBUG\F1DIM.OBJ
C:\USERS\GREG2\DOCUMENTS\VISUAL STUDIO 2010\PROJECTS\DLL2\DLL2\DEBUG\IO_CODE.OBJ
C:\Users\greg2\Documents\Visual Studio 2010\Projects\dll2\dll2\Debug\link.7116.read.1.tlog
C:\Users\greg2\Documents\Visual Studio 2010\Projects\dll2\dll2\Debug\link.7116.write.1.tlog
C:\Users\greg2\Documents\Visual Studio 2010\Projects\dll2\dll2\Debug\link.7116-cvtres.read.1.tlog
C:\Users\greg2\Documents\Visual Studio 2010\Projects\dll2\dll2\Debug\link.7116-cvtres.write.1.tlog
C:\Users\greg2\Documents\Visual Studio 2010\Projects\dll2\dll2\Debug\link.command.1.tlog
C:\Users\greg2\Documents\Visual Studio 2010\Projects\dll2\dll2\Debug\link.read.1.tlog
C:\Users\greg2\Documents\Visual Studio 2010\Projects\dll2\dll2\Debug\link.write.1.tlog
C:\Users\greg2\Documents\Visual Studio 2010\Projects\dll2\dll2\Debug\link-cvtres.read.1.tlog
C:\Users\greg2\Documents\Visual Studio 2010\Projects\dll2\dll2\Debug\link-cvtres.write.1.tlog
C:\USERS\GREG2\DOCUMENTS\VISUAL STUDIO 2010\PROJECTS\DLL2\DLL2\DEBUG\MP_DEMD.OBJ
C:\Users\greg2\Documents\Visual Studio 2010\Projects\dll2\dll2\Debug\mt.command.1.tlog
C:\Users\greg2\Documents\Visual Studio 2010\Projects\dll2\dll2\Debug\mt.read.1.tlog
C:\Users\greg2\Documents\Visual Studio 2010\Projects\dll2\dll2\Debug\mt.write.1.tlog
C:\USERS\GREG2\DOCUMENTS\VISUAL STUDIO 2010\PROJECTS\DLL2\DLL2\DEBUG\OPLST.OBJ
C:\Users\greg2\Documents\Visual Studio 2010\Projects\dll2\dll2\Debug\rc.command.1.tlog
C:\Users\greg2\Documents\Visual Studio 2010\Projects\dll2\dll2\Debug\rc.read.1.tlog
C:\Users\greg2\Documents\Visual Studio 2010\Projects\dll2\dll2\Debug\rc.write.1.tlog
C:\Users\greg2\Documents\Visual Studio 2010\Projects\dll2\dll2\Debug\vc100.idb
C:\USERS\GREG2\DOCUMENTS\VISUAL STUDIO 2010\PROJECTS\DLL2\DLL2\DEBUG\VC100.PDB
C:\USERS\GREG2\DOCUMENTS\VISUAL STUDIO 2010\PROJECTS\DLL2\DLL2\DEBUG\WUSED.OBJ
