C:\USERS\GREG2\DOCUMENTS\VISUAL STUDIO 2010\PROJECTS\DLL2\DLL2\RELEASE\BRACK2.OBJ
C:\USERS\GREG2\DOCUMENTS\VISUAL STUDIO 2010\PROJECTS\DLL2\DLL2\RELEASE\BRENT.OBJ
C:\USERS\GREG2\DOCUMENTS\VISUAL STUDIO 2010\PROJECTS\DLL2\DLL2\RELEASE\CALC.OBJ
C:\USERS\GREG2\DOCUMENTS\VISUAL STUDIO 2010\PROJECTS\DLL2\DLL2\RELEASE\CALC1.OBJ
C:\USERS\GREG2\DOCUMENTS\VISUAL STUDIO 2010\PROJECTS\DLL2\DLL2\RELEASE\CALC11.OBJ
C:\USERS\GREG2\DOCUMENTS\VISUAL STUDIO 2010\PROJECTS\DLL2\DLL2\RELEASE\CALC12.OBJ
C:\USERS\GREG2\DOCUMENTS\VISUAL STUDIO 2010\PROJECTS\DLL2\DLL2\RELEASE\CALC2.OBJ
C:\USERS\GREG2\DOCUMENTS\VISUAL STUDIO 2010\PROJECTS\DLL2\DLL2\RELEASE\CALC3.OBJ
C:\USERS\GREG2\DOCUMENTS\VISUAL STUDIO 2010\PROJECTS\DLL2\DLL2\RELEASE\CALC4.OBJ
C:\USERS\GREG2\DOCUMENTS\VISUAL STUDIO 2010\PROJECTS\DLL2\DLL2\RELEASE\CALC5.OBJ
C:\USERS\GREG2\DOCUMENTS\VISUAL STUDIO 2010\PROJECTS\DLL2\DLL2\RELEASE\CALC6.OBJ
C:\USERS\GREG2\DOCUMENTS\VISUAL STUDIO 2010\PROJECTS\DLL2\DLL2\RELEASE\CALC7.OBJ
C:\USERS\GREG2\DOCUMENTS\VISUAL STUDIO 2010\PROJECTS\DLL2\DLL2\RELEASE\CALC8.OBJ
C:\USERS\GREG2\DOCUMENTS\VISUAL STUDIO 2010\PROJECTS\DLL2\DLL2\RELEASE\CALC9.OBJ
C:\Users\greg2\Documents\Visual Studio 2010\Projects\dll2\dll2\Release\cl.command.1.tlog
C:\Users\greg2\Documents\Visual Studio 2010\Projects\dll2\dll2\Release\CL.read.1.tlog
C:\Users\greg2\Documents\Visual Studio 2010\Projects\dll2\dll2\Release\CL.write.1.tlog
C:\USERS\GREG2\DOCUMENTS\VISUAL STUDIO 2010\PROJECTS\DLL2\DLL2\RELEASE\CLASS_EQ.OBJ
C:\USERS\GREG2\DOCUMENTS\VISUAL STUDIO 2010\PROJECTS\DLL2\DLL2\RELEASE\CLASS_IBOM.OBJ
C:\USERS\GREG2\DOCUMENTS\VISUAL STUDIO 2010\PROJECTS\DLL2\DLL2\RELEASE\CLASS_LAB.OBJ
C:\USERS\GREG2\DOCUMENTS\VISUAL STUDIO 2010\PROJECTS\DLL2\DLL2\RELEASE\CLASS_MODEL.OBJ
C:\USERS\GREG2\DOCUMENTS\VISUAL STUDIO 2010\PROJECTS\DLL2\DLL2\RELEASE\CLASS_OPER.OBJ
C:\USERS\GREG2\DOCUMENTS\VISUAL STUDIO 2010\PROJECTS\DLL2\DLL2\RELEASE\CLASS_PART.OBJ
C:\USERS\GREG2\DOCUMENTS\VISUAL STUDIO 2010\PROJECTS\DLL2\DLL2\RELEASE\CLASS_ROUTE.OBJ
C:\USERS\GREG2\DOCUMENTS\VISUAL STUDIO 2010\PROJECTS\DLL2\DLL2\RELEASE\DATA1.OBJ
C:\USERS\GREG2\DOCUMENTS\VISUAL STUDIO 2010\PROJECTS\DLL2\DLL2\RELEASE\DLL2.DLL.INTERMEDIATE.MANIFEST
C:\USERS\GREG2\DOCUMENTS\VISUAL STUDIO 2010\PROJECTS\DLL2\DLL2\RELEASE\DLL2.OBJ
C:\USERS\GREG2\DOCUMENTS\VISUAL STUDIO 2010\PROJECTS\DLL2\DLL2\RELEASE\DLL2.RES
C:\Users\greg2\Documents\Visual Studio 2010\Projects\dll2\dll2\Release\dll2.vcxprojResolveAssemblyReference.cache
C:\Users\greg2\Documents\Visual Studio 2010\Projects\dll2\dll2\Release\dll2.write.1.tlog
C:\USERS\GREG2\DOCUMENTS\VISUAL STUDIO 2010\PROJECTS\DLL2\DLL2\RELEASE\F1DIM.OBJ
C:\USERS\GREG2\DOCUMENTS\VISUAL STUDIO 2010\PROJECTS\DLL2\DLL2\RELEASE\IO_CODE.OBJ
C:\Users\greg2\Documents\Visual Studio 2010\Projects\dll2\dll2\Release\link.command.1.tlog
C:\Users\greg2\Documents\Visual Studio 2010\Projects\dll2\dll2\Release\link.read.1.tlog
C:\Users\greg2\Documents\Visual Studio 2010\Projects\dll2\dll2\Release\link.write.1.tlog
C:\Users\greg2\Documents\Visual Studio 2010\Projects\dll2\dll2\Release\link-cvtres.read.1.tlog
C:\Users\greg2\Documents\Visual Studio 2010\Projects\dll2\dll2\Release\link-cvtres.write.1.tlog
C:\USERS\GREG2\DOCUMENTS\VISUAL STUDIO 2010\PROJECTS\DLL2\DLL2\RELEASE\MP_DEMD.OBJ
C:\Users\greg2\Documents\Visual Studio 2010\Projects\dll2\dll2\Release\mt.command.1.tlog
C:\Users\greg2\Documents\Visual Studio 2010\Projects\dll2\dll2\Release\mt.read.1.tlog
C:\Users\greg2\Documents\Visual Studio 2010\Projects\dll2\dll2\Release\mt.write.1.tlog
C:\USERS\GREG2\DOCUMENTS\VISUAL STUDIO 2010\PROJECTS\DLL2\DLL2\RELEASE\OPLST.OBJ
C:\Users\greg2\Documents\Visual Studio 2010\Projects\dll2\dll2\Release\rc.command.1.tlog
C:\Users\greg2\Documents\Visual Studio 2010\Projects\dll2\dll2\Release\rc.read.1.tlog
C:\Users\greg2\Documents\Visual Studio 2010\Projects\dll2\dll2\Release\rc.write.1.tlog
C:\USERS\GREG2\DOCUMENTS\VISUAL STUDIO 2010\PROJECTS\DLL2\DLL2\RELEASE\VC100.PDB
C:\USERS\GREG2\DOCUMENTS\VISUAL STUDIO 2010\PROJECTS\DLL2\DLL2\RELEASE\WUSED.OBJ
C:\USERS\GREG2\DOCUMENTS\VISUAL STUDIO 2010\PROJECTS\DLL2\RELEASE\DLL2.DLL
C:\Users\greg2\Documents\Visual Studio 2010\Projects\dll2\Release\dll2.exp
C:\Users\greg2\Documents\Visual Studio 2010\Projects\dll2\Release\dll2.lib
C:\USERS\GREG2\DOCUMENTS\VISUAL STUDIO 2010\PROJECTS\DLL2\RELEASE\DLL2.PDB
