Build started 9/22/2014 6:00:00 PM.
     1>Project "C:\Users\greg2\Documents\Visual Studio 2010\Projects\dll2\dll2\dll2.vcxproj" on node 2 (ClCompile target(s)).
     1>ClCompile:
         c:\Program Files (x86)\Microsoft Visual Studio 10.0\VC\bin\CL.exe /c /ZI /nologo /W3 /WX- /Od /Ot /Oy- /D WIN32 /D _WINDOWS /D _DEBUG /D _USRDLL /D MPX386 /D BATCH /D _WINDLL /D _UNICODE /D UNICODE /D _AFXDLL /Gm /EHsc /RTC1 /MD /GS /fp:precise /Zc:wchar_t /Zc:forScope /Fo"Debug\\" /Fd"Debug\vc100.pdb" /Gd /TP /analyze- /errorReport:prompt Brent.cpp
         Brent.cpp
     1>c:\users\greg2\documents\visual studio 2010\projects\dll2\dll2\class_model.cpp(165): warning C4996: 'sprintf': This function or variable may be unsafe. Consider using sprintf_s instead. To disable deprecation, use _CRT_SECURE_NO_WARNINGS. See online help for details.
                 c:\program files (x86)\microsoft visual studio 10.0\vc\include\stdio.h(371) : see declaration of 'sprintf'
     1>c:\users\greg2\documents\visual studio 2010\projects\dll2\dll2\class_model.cpp(180): warning C4996: 'sprintf': This function or variable may be unsafe. Consider using sprintf_s instead. To disable deprecation, use _CRT_SECURE_NO_WARNINGS. See online help for details.
                 c:\program files (x86)\microsoft visual studio 10.0\vc\include\stdio.h(371) : see declaration of 'sprintf'
     1>c:\users\greg2\documents\visual studio 2010\projects\dll2\dll2\class_model.cpp(272): warning C4996: 'strcpy': This function or variable may be unsafe. Consider using strcpy_s instead. To disable deprecation, use _CRT_SECURE_NO_WARNINGS. See online help for details.
                 c:\program files (x86)\microsoft visual studio 10.0\vc\include\string.h(105) : see declaration of 'strcpy'
     1>c:\users\greg2\documents\visual studio 2010\projects\dll2\dll2\class_model.cpp(339): warning C4996: 'sprintf': This function or variable may be unsafe. Consider using sprintf_s instead. To disable deprecation, use _CRT_SECURE_NO_WARNINGS. See online help for details.
                 c:\program files (x86)\microsoft visual studio 10.0\vc\include\stdio.h(371) : see declaration of 'sprintf'
     1>c:\users\greg2\documents\visual studio 2010\projects\dll2\dll2\class_model.cpp(351): warning C4996: 'sprintf': This function or variable may be unsafe. Consider using sprintf_s instead. To disable deprecation, use _CRT_SECURE_NO_WARNINGS. See online help for details.
                 c:\program files (x86)\microsoft visual studio 10.0\vc\include\stdio.h(371) : see declaration of 'sprintf'
     1>c:\users\greg2\documents\visual studio 2010\projects\dll2\dll2\class_model.cpp(376): warning C4996: 'sprintf': This function or variable may be unsafe. Consider using sprintf_s instead. To disable deprecation, use _CRT_SECURE_NO_WARNINGS. See online help for details.
                 c:\program files (x86)\microsoft visual studio 10.0\vc\include\stdio.h(371) : see declaration of 'sprintf'
     1>c:\users\greg2\documents\visual studio 2010\projects\dll2\dll2\class_model.cpp(421): warning C4996: 'strcpy': This function or variable may be unsafe. Consider using strcpy_s instead. To disable deprecation, use _CRT_SECURE_NO_WARNINGS. See online help for details.
                 c:\program files (x86)\microsoft visual studio 10.0\vc\include\string.h(105) : see declaration of 'strcpy'
     1>c:\users\greg2\documents\visual studio 2010\projects\dll2\dll2\class_model.cpp(422): warning C4244: '=' : conversion from 'double' to 'long', possible loss of data
     1>c:\users\greg2\documents\visual studio 2010\projects\dll2\dll2\class_model.cpp(477): warning C4996: 'strcpy': This function or variable may be unsafe. Consider using strcpy_s instead. To disable deprecation, use _CRT_SECURE_NO_WARNINGS. See online help for details.
                 c:\program files (x86)\microsoft visual studio 10.0\vc\include\string.h(105) : see declaration of 'strcpy'
     1>c:\users\greg2\documents\visual studio 2010\projects\dll2\dll2\class_model.cpp(520): warning C4996: 'strcpy': This function or variable may be unsafe. Consider using strcpy_s instead. To disable deprecation, use _CRT_SECURE_NO_WARNINGS. See online help for details.
                 c:\program files (x86)\microsoft visual studio 10.0\vc\include\string.h(105) : see declaration of 'strcpy'
     1>c:\users\greg2\documents\visual studio 2010\projects\dll2\dll2\class_model.cpp(615): warning C4996: 'sprintf': This function or variable may be unsafe. Consider using sprintf_s instead. To disable deprecation, use _CRT_SECURE_NO_WARNINGS. See online help for details.
                 c:\program files (x86)\microsoft visual studio 10.0\vc\include\stdio.h(371) : see declaration of 'sprintf'
     1>c:\users\greg2\documents\visual studio 2010\projects\dll2\dll2\class_model.cpp(619): warning C4996: 'sprintf': This function or variable may be unsafe. Consider using sprintf_s instead. To disable deprecation, use _CRT_SECURE_NO_WARNINGS. See online help for details.
                 c:\program files (x86)\microsoft visual studio 10.0\vc\include\stdio.h(371) : see declaration of 'sprintf'
     1>c:\users\greg2\documents\visual studio 2010\projects\dll2\dll2\brent.cpp(34): warning C4244: '=' : conversion from 'double' to 'float', possible loss of data
     1>c:\users\greg2\documents\visual studio 2010\projects\dll2\dll2\brent.cpp(35): warning C4244: '=' : conversion from 'double' to 'float', possible loss of data
     1>c:\users\greg2\documents\visual studio 2010\projects\dll2\dll2\brent.cpp(35): warning C4244: '=' : conversion from 'double' to 'float', possible loss of data
     1>c:\users\greg2\documents\visual studio 2010\projects\dll2\dll2\brent.cpp(44): warning C4244: '=' : conversion from 'double' to 'float', possible loss of data
     1>c:\users\greg2\documents\visual studio 2010\projects\dll2\dll2\brent.cpp(50): warning C4244: '=' : conversion from 'double' to 'float', possible loss of data
     1>c:\users\greg2\documents\visual studio 2010\projects\dll2\dll2\brent.cpp(58): warning C4244: '=' : conversion from 'double' to 'float', possible loss of data
     1>c:\users\greg2\documents\visual studio 2010\projects\dll2\dll2\brent.cpp(96): error C2733: second C linkage of overloaded function 'brent' not allowed
                 c:\users\greg2\documents\visual studio 2010\projects\dll2\dll2\brent.cpp(96) : see declaration of 'brent'
     1>c:\users\greg2\documents\visual studio 2010\projects\dll2\dll2\brent.cpp(106): error C2065: 'f' : undeclared identifier
     1>c:\users\greg2\documents\visual studio 2010\projects\dll2\dll2\brent.cpp(107): error C2065: 'f' : undeclared identifier
     1>c:\users\greg2\documents\visual studio 2010\projects\dll2\dll2\brent.cpp(108): error C2065: 'f' : undeclared identifier
     1>c:\users\greg2\documents\visual studio 2010\projects\dll2\dll2\brent.cpp(120): error C2065: 'f' : undeclared identifier
     1>c:\users\greg2\documents\visual studio 2010\projects\dll2\dll2\brent.cpp(129): warning C4244: '=' : conversion from 'double' to 'float', possible loss of data
     1>c:\users\greg2\documents\visual studio 2010\projects\dll2\dll2\brent.cpp(133): warning C4244: '=' : conversion from 'double' to 'float', possible loss of data
     1>c:\users\greg2\documents\visual studio 2010\projects\dll2\dll2\brent.cpp(142): warning C4244: '=' : conversion from 'double' to 'float', possible loss of data
     1>c:\users\greg2\documents\visual studio 2010\projects\dll2\dll2\brent.cpp(146): warning C4244: '=' : conversion from 'double' to 'float', possible loss of data
     1>c:\users\greg2\documents\visual studio 2010\projects\dll2\dll2\brent.cpp(154): warning C4244: 'return' : conversion from 'double' to 'float', possible loss of data
     1>c:\users\greg2\documents\visual studio 2010\projects\dll2\dll2\brent.cpp(160): warning C4244: 'return' : conversion from 'double' to 'float', possible loss of data
     1>Done Building Project "C:\Users\greg2\Documents\Visual Studio 2010\Projects\dll2\dll2\dll2.vcxproj" (ClCompile target(s)) -- FAILED.

Build FAILED.

Time Elapsed 00:00:02.03
